23:12:00.163 [main                     ] DEBUG Logger               - Configured Logger
23:12:00.231 [main                     ] DEBUG GameApplication      - Logging settings
Title: Untitled
Version: 0.0
Width: 800
Height: 600
Fullscreen: false
Intro: false
Profiling: false
Single step:false
App Mode: DEVELOPER
Menu Key: ESCAPE
Stage Style: DECORATED
Scene Factory: class com.almasb.fxgl.app.scene.SceneFactory

23:12:01.469 [JavaFX Application Thread] DEBUG FXGLApplication      - Initializing FXGL
23:12:01.476 [JavaFX Application Thread] INFO  Engine               - FXGL-11.17 (16.07.2021 15.46) on WINDOWS (J:11.0.13 FX:16)
23:12:01.476 [JavaFX Application Thread] DEBUG Engine               - JRE Vendor Name: Oracle Corporation
23:12:01.477 [JavaFX Application Thread] DEBUG Engine               - Running on OS: Windows 10 version 10.0
23:12:01.477 [JavaFX Application Thread] DEBUG Engine               - Architecture: amd64
23:12:01.478 [JavaFX Application Thread] INFO  Engine               - Source code and latest versions at: https://github.com/AlmasB/FXGL
23:12:01.478 [JavaFX Application Thread] INFO  Engine               -              Join the FXGL chat at: https://gitter.im/AlmasB/FXGL
23:12:01.907 [JavaFX Application Thread] DEBUG PrimaryStageWindow   - Creating a JavaFX scene
23:12:02.089 [JavaFX Application Thread] DEBUG PrimaryStageWindow   - Target settings size: 800.0 x 600.0
23:12:02.090 [JavaFX Application Thread] DEBUG PrimaryStageWindow   - Scaled scene size:    800.0 x 600.0
23:12:02.090 [JavaFX Application Thread] DEBUG PrimaryStageWindow   - Scaled ratio: (1.0, 1.0)
23:12:02.091 [JavaFX Application Thread] DEBUG PrimaryStageWindow   - Set initial scene to FXGLStartupScene
23:12:02.120 [JavaFX Application Thread] DEBUG PrimaryStageWindow   - Opening main window
23:12:02.391 [JavaFX Application Thread] DEBUG PrimaryStageWindow   - Window border size: (14.4000244140625, 37.5999755859375)
23:12:02.391 [JavaFX Application Thread] DEBUG PrimaryStageWindow   - Scaled size: 800.0 x 600.0
23:12:02.391 [JavaFX Application Thread] DEBUG PrimaryStageWindow   - Scaled ratio: (1.0, 1.0)
23:12:02.392 [JavaFX Application Thread] DEBUG PrimaryStageWindow   - Scene size: 800.0 x 600.0
23:12:02.392 [JavaFX Application Thread] DEBUG PrimaryStageWindow   - Stage size: 814.4000244140625 x 637.5999755859375
23:12:02.423 [FXGL Background Thread 1 ] DEBUG Engine               - Initializing environment variables
23:12:02.596 [FXGL Background Thread 1 ] DEBUG FXGLAssetLoaderServi - User app class for loading assets: class Minesweeper
23:12:02.597 [FXGL Background Thread 1 ] DEBUG GameApplicationServi - Applying CSS: fxgl_dark.css
23:12:02.600 [FXGL Background Thread 1 ] DEBUG FXGLAssetLoaderServi - Loading from file system: jar:file:/C:/Users/RavindraReddyAmbati/.m2/repository/com/github/almasb/fxgl/11.17/fxgl-11.17.jar!/fxglassets/ui/css/fxgl_dark.css
23:12:02.722 [FXGL Background Thread 1 ] DEBUG GameApplicationServi - Initializing application scenes
23:12:02.887 [FXGL Background Thread 1 ] DEBUG GameWorld            - Game world initialized
23:12:03.031 [FXGL Background Thread 1 ] DEBUG PhysicsWorld         - Physics world initialized: appHeight=600, physics.ppm=50.0
23:12:03.032 [FXGL Background Thread 1 ] DEBUG PhysicsWorld         - Using strategy: BRUTE_FORCE
23:12:03.039 [FXGL Background Thread 1 ] DEBUG GameScene            - Game scene initialized: 800x600
23:12:03.068 [FXGL Background Thread 1 ] DEBUG FXGL.DefaultMenu     - createMenuBodyGameMenu()
23:12:03.112 [FXGL Background Thread 1 ] DEBUG FXGL.DefaultMenu     - createOptionsMenu()
23:12:03.138 [FXGL Background Thread 1 ] DEBUG FXGLAssetLoaderServi - Loading from file system: jar:file:/C:/Users/RavindraReddyAmbati/.m2/repository/com/github/almasb/fxgl/11.17/fxgl-11.17.jar!/fxglassets/textures/particles/smoke.png
23:12:03.359 [FXGL Background Thread 1 ] DEBUG FXGLAssetLoaderServi - Loading from file system: jar:file:/C:/Users/RavindraReddyAmbati/.m2/repository/com/github/almasb/fxgl/11.17/fxgl-11.17.jar!/fxglassets/textures/particles/trace_horizontal.png
23:12:03.428 [FXGL Background Thread 1 ] DEBUG GameApplicationServi - Application scenes initialized
23:12:03.454 [FXGL Background Thread 1 ] DEBUG SystemBundleService  - Loading FXGL system data
23:12:03.460 [FXGL Background Thread 1 ] DEBUG FileSystemAccess     - Reading from: C:\Users\RavindraReddyAmbati\IdeaProjects\mineswepper3\system\fxgl.bundle
23:12:03.473 [FXGL Background Thread 1 ] DEBUG SystemBundleService  - Bundle FXGL: {}
23:12:03.473 [FXGL Background Thread 1 ] DEBUG UpdaterService       - Checking for updates
23:12:03.482 [FXGL Background Thread 4 ] DEBUG FXGLApplication      - Loading fonts
23:12:03.482 [FXGL Background Thread 1 ] DEBUG FXGLApplication      - Loading default localization
23:12:03.483 [FXGL Background Thread 1 ] DEBUG FXGLAssetLoaderServi - Loading from file system: jar:file:/C:/Users/RavindraReddyAmbati/.m2/repository/com/github/almasb/fxgl/11.17/fxgl-11.17.jar!/fxglassets/languages/english.lang
23:12:03.486 [FXGL Background Thread 4 ] DEBUG FXGLAssetLoaderServi - Loading from file system: jar:file:/C:/Users/RavindraReddyAmbati/.m2/repository/com/github/almasb/fxgl/11.17/fxgl-11.17.jar!/fxglassets/ui/fonts/VarelaRound-Regular.ttf
23:12:03.520 [FXGL Background Thread 1 ] INFO  FXGLApplication      - FXGL initialization took: 1.097 sec
23:12:03.525 [JavaFX Application Thread] DEBUG FXGLAssetLoaderServi - Loading from file system: jar:file:/C:/Users/RavindraReddyAmbati/.m2/repository/com/github/almasb/fxgl/11.17/fxgl-11.17.jar!/fxglassets/textures/fxgl_icon.png
23:12:03.578 [JavaFX Application Thread] DEBUG FXGLAssetLoaderServi - Loading from file system: jar:file:/C:/Users/RavindraReddyAmbati/.m2/repository/com/github/almasb/fxgl/11.17/fxgl-11.17.jar!/fxglassets/textures/fxgl_default_cursor.png
23:12:03.610 [JavaFX Application Thread] DEBUG Input                - Registered new binding: Screenshot - CTRL+8
23:12:03.612 [JavaFX Application Thread] DEBUG Input                - Registered new binding: System info dump - CTRL+9
23:12:03.613 [JavaFX Application Thread] DEBUG Input                - Registered new binding: Restart - CTRL+R
23:12:03.614 [JavaFX Application Thread] DEBUG Input                - Registered new binding: Toggle Debug Camera - CTRL+C
23:12:03.618 [JavaFX Application Thread] DEBUG LoopRunner           - Starting loop
23:12:03.619 [JavaFX Application Thread] DEBUG LoopRunner           - Initializing JavaFX AnimationTimerLoop
23:12:03.622 [JavaFX Application Thread] DEBUG GameApplicationServi - Starting new game
23:12:03.623 [JavaFX Application Thread] DEBUG Input                - Clearing active input actions
23:12:03.651 [JavaFX Application Thread] DEBUG GameApplicationServi - Removing overlay from FXGLStartupScene and adding to FXGLLoadingScene
23:12:03.651 [JavaFX Application Thread] DEBUG PrimaryStageWindow   - FXGLStartupScene -> FXGLLoadingScene
23:12:03.651 [JavaFX Application Thread] DEBUG GameApplicationServi - Clearing previous game
23:12:03.651 [JavaFX Application Thread] DEBUG GameScene            - Clearing game scene
23:12:03.651 [JavaFX Application Thread] DEBUG GameWorld            - Clearing game world
23:12:03.652 [JavaFX Application Thread] DEBUG PhysicsWorld         - Clearing physics world
23:12:03.654 [FXGL Background Thread 1 ] DEBUG FXGLApplication      - Initializing game
23:12:03.668 [FXGL Background Thread 1 ] INFO  FXGLApplication      - Game initialization took: 0.013 sec
23:12:03.776 [JavaFX Application Thread] DEBUG Input                - Clearing active input actions
23:12:03.789 [JavaFX Application Thread] DEBUG GameApplicationServi - Removing overlay from FXGLLoadingScene and adding to GameScene
23:12:03.790 [JavaFX Application Thread] DEBUG PrimaryStageWindow   - FXGLLoadingScene -> GameScene
23:12:04.342 [FXGL Background Thread 4 ] DEBUG FXGLAssetLoaderServi - Loading from file system: jar:file:/C:/Users/RavindraReddyAmbati/.m2/repository/com/github/almasb/fxgl/11.17/fxgl-11.17.jar!/fxglassets/ui/fonts/Abel-Regular.ttf
23:12:04.350 [FXGL Background Thread 4 ] DEBUG FXGLAssetLoaderServi - Loading from file system: jar:file:/C:/Users/RavindraReddyAmbati/.m2/repository/com/github/almasb/fxgl/11.17/fxgl-11.17.jar!/fxglassets/ui/fonts/lucida_console.ttf
23:12:04.359 [FXGL Background Thread 4 ] DEBUG FXGLAssetLoaderServi - Loading from file system: jar:file:/C:/Users/RavindraReddyAmbati/.m2/repository/com/github/almasb/fxgl/11.17/fxgl-11.17.jar!/fxglassets/ui/fonts/Courier-Prime.ttf
23:12:04.370 [JavaFX Application Thread] DEBUG FXGLApplication      - Registering font factories with UI factory
23:12:05.589 [FXGL Background Thread 2 ] INFO  UpdaterService       - Your current version:  11.17
23:12:05.590 [FXGL Background Thread 2 ] INFO  UpdaterService       - Latest stable version: 17.1
23:12:06.479 [FXGL Background Thread 3 ] DEBUG Engine               - Logging environment variables
23:12:06.483 [FXGL Background Thread 3 ] DEBUG Engine               - achievements: []
23:12:06.484 [FXGL Background Thread 3 ] DEBUG Engine               - actualHeight: 600.0
23:12:06.485 [FXGL Background Thread 3 ] DEBUG Engine               - actualHeightProperty: ReadOnlyDoubleProperty [value: 600.0]
23:12:06.486 [FXGL Background Thread 3 ] DEBUG Engine               - actualWidth: 800.0
23:12:06.487 [FXGL Background Thread 3 ] DEBUG Engine               - actualWidthProperty: ReadOnlyDoubleProperty [value: 800.0]
23:12:06.487 [FXGL Background Thread 3 ] DEBUG Engine               - appIcon: fxgl_icon.png
23:12:06.488 [FXGL Background Thread 3 ] DEBUG Engine               - applicationMode: DEVELOPER
23:12:06.488 [FXGL Background Thread 3 ] DEBUG Engine               - cSSList: [fxgl_dark.css]
23:12:06.489 [FXGL Background Thread 3 ] DEBUG Engine               - collisionDetectionStrategy: BRUTE_FORCE
23:12:06.490 [FXGL Background Thread 3 ] DEBUG Engine               - configClass: Optional.empty
23:12:06.490 [FXGL Background Thread 3 ] DEBUG Engine               - credits: []
23:12:06.491 [FXGL Background Thread 3 ] DEBUG Engine               - defaultCursor: CursorInfo(imageName=fxgl_default_cursor.png, hotspotX=7.0, hotspotY=6.0)
23:12:06.493 [FXGL Background Thread 3 ] DEBUG Engine               - devBBoxColorProperty: ObjectProperty [value: 0xff0000ff]
23:12:06.494 [FXGL Background Thread 3 ] DEBUG Engine               - devEnableDebugCameraProperty: BooleanProperty [value: false]
23:12:06.496 [FXGL Background Thread 3 ] DEBUG Engine               - devSensorColorProperty: ObjectProperty [value: 0xffff00ff]
23:12:06.497 [FXGL Background Thread 3 ] DEBUG Engine               - devShowBBoxProperty: BooleanProperty [value: false]
23:12:06.498 [FXGL Background Thread 3 ] DEBUG Engine               - devShowPositionProperty: BooleanProperty [value: false]
23:12:06.501 [FXGL Background Thread 3 ] DEBUG Engine               - enabledMenuItems: []
23:12:06.503 [FXGL Background Thread 3 ] DEBUG Engine               - engineServices: [class com.almasb.fxgl.app.services.FXGLAssetLoaderService, class com.almasb.fxgl.app.FXGLApplication$GameApplicationService, class com.almasb.fxgl.app.services.FXGLDialogService, class com.almasb.fxgl.app.services.IOTaskExecutorService, class com.almasb.fxgl.io.FileSystemService, class com.almasb.fxgl.localization.LocalizationService, class com.almasb.fxgl.app.services.SystemBundleService, class com.almasb.fxgl.profile.SaveLoadService, class com.almasb.fxgl.ui.FXGLUIFactoryServiceProvider, class com.almasb.fxgl.ui.FXGLDialogFactoryServiceProvider, class com.almasb.fxgl.audio.AudioPlayer, class com.almasb.fxgl.notification.impl.NotificationServiceProvider, class com.almasb.fxgl.achievement.AchievementService, class com.almasb.fxgl.cutscene.CutsceneService, class com.almasb.fxgl.minigames.MiniGameService, class com.almasb.fxgl.net.NetService, class com.almasb.fxgl.app.services.UpdaterService, class com.almasb.fxgl.dev.DevService]
23:12:06.504 [FXGL Background Thread 3 ] DEBUG Engine               - fontGame: Abel-Regular.ttf
23:12:06.504 [FXGL Background Thread 3 ] DEBUG Engine               - fontMono: lucida_console.ttf
23:12:06.505 [FXGL Background Thread 3 ] DEBUG Engine               - fontText: Courier-Prime.ttf
23:12:06.505 [FXGL Background Thread 3 ] DEBUG Engine               - fontUI: VarelaRound-Regular.ttf
23:12:06.505 [FXGL Background Thread 3 ] DEBUG Engine               - fullScreen: BooleanProperty [value: false]
23:12:06.505 [FXGL Background Thread 3 ] DEBUG Engine               - gameDifficulty: MEDIUM
23:12:06.506 [FXGL Background Thread 3 ] DEBUG Engine               - gameDifficultyProperty: ObjectProperty [value: MEDIUM]
23:12:06.506 [FXGL Background Thread 3 ] DEBUG Engine               - globalMusicVolume: 0.5
23:12:06.508 [FXGL Background Thread 3 ] DEBUG Engine               - globalMusicVolumeProperty: DoubleProperty [value: 0.5]
23:12:06.508 [FXGL Background Thread 3 ] DEBUG Engine               - globalSoundVolume: 0.5
23:12:06.509 [FXGL Background Thread 3 ] DEBUG Engine               - globalSoundVolumeProperty: DoubleProperty [value: 0.5]
23:12:06.509 [FXGL Background Thread 3 ] DEBUG Engine               - height: 600
23:12:06.509 [FXGL Background Thread 3 ] DEBUG Engine               - is3D: false
23:12:06.509 [FXGL Background Thread 3 ] DEBUG Engine               - isAndroid: false
23:12:06.510 [FXGL Background Thread 3 ] DEBUG Engine               - isBrowser: false
23:12:06.512 [FXGL Background Thread 3 ] DEBUG Engine               - isClickFeedbackEnabled: false
23:12:06.513 [FXGL Background Thread 3 ] DEBUG Engine               - isCloseConfirmation: false
23:12:06.513 [FXGL Background Thread 3 ] DEBUG Engine               - isDesktop: true
23:12:06.514 [FXGL Background Thread 3 ] DEBUG Engine               - isDeveloperMenuEnabled: false
23:12:06.515 [FXGL Background Thread 3 ] DEBUG Engine               - isEntityPreloadEnabled: true
23:12:06.516 [FXGL Background Thread 3 ] DEBUG Engine               - isExperimentalTiledLargeMap: false
23:12:06.516 [FXGL Background Thread 3 ] DEBUG Engine               - isFileSystemWriteAllowed: true
23:12:06.517 [FXGL Background Thread 3 ] DEBUG Engine               - isFullScreenAllowed: false
23:12:06.518 [FXGL Background Thread 3 ] DEBUG Engine               - isFullScreenFromStart: false
23:12:06.518 [FXGL Background Thread 3 ] DEBUG Engine               - isGameMenuEnabled: true
23:12:06.519 [FXGL Background Thread 3 ] DEBUG Engine               - isIOS: false
23:12:06.519 [FXGL Background Thread 3 ] DEBUG Engine               - isIntroEnabled: false
23:12:06.520 [FXGL Background Thread 3 ] DEBUG Engine               - isLinux: false
23:12:06.520 [FXGL Background Thread 3 ] DEBUG Engine               - isMac: false
23:12:06.521 [FXGL Background Thread 3 ] DEBUG Engine               - isMainMenuEnabled: false
23:12:06.521 [FXGL Background Thread 3 ] DEBUG Engine               - isManualResizeEnabled: false
23:12:06.522 [FXGL Background Thread 3 ] DEBUG Engine               - isMobile: false
23:12:06.522 [FXGL Background Thread 3 ] DEBUG Engine               - isNative: false
23:12:06.523 [FXGL Background Thread 3 ] DEBUG Engine               - isPauseMusicWhenMinimized: true
23:12:06.523 [FXGL Background Thread 3 ] DEBUG Engine               - isPreserveResizeRatio: false
23:12:06.524 [FXGL Background Thread 3 ] DEBUG Engine               - isProfilingEnabled: false
23:12:06.525 [FXGL Background Thread 3 ] DEBUG Engine               - isScaleAffectedOnResize: true
23:12:06.525 [FXGL Background Thread 3 ] DEBUG Engine               - isSingleStep: false
23:12:06.526 [FXGL Background Thread 3 ] DEBUG Engine               - isUserProfileEnabled: false
23:12:06.526 [FXGL Background Thread 3 ] DEBUG Engine               - isWindows: true
23:12:06.527 [FXGL Background Thread 3 ] DEBUG Engine               - language: ObjectProperty [value: ENGLISH]
23:12:06.527 [FXGL Background Thread 3 ] DEBUG Engine               - menuKey: ESCAPE
23:12:06.528 [FXGL Background Thread 3 ] DEBUG Engine               - mouseSensitivity: 0.2
23:12:06.528 [FXGL Background Thread 3 ] DEBUG Engine               - notificationViewClass: class com.almasb.fxgl.notification.view.XboxNotificationView
23:12:06.529 [FXGL Background Thread 3 ] DEBUG Engine               - pixelsPerMeter: 50.0
23:12:06.529 [FXGL Background Thread 3 ] DEBUG Engine               - platform: WINDOWS
23:12:06.529 [FXGL Background Thread 3 ] DEBUG Engine               - prefHeightProperty: ReadOnlyDoubleProperty [value: 600.0]
23:12:06.530 [FXGL Background Thread 3 ] DEBUG Engine               - prefWidthProperty: ReadOnlyDoubleProperty [value: 800.0]
23:12:06.530 [FXGL Background Thread 3 ] DEBUG Engine               - profileDir: profiles/
23:12:06.532 [FXGL Background Thread 3 ] DEBUG Engine               - profileName: StringProperty [value: DEFAULT]
23:12:06.533 [FXGL Background Thread 3 ] DEBUG Engine               - randomSeed: -1
23:12:06.533 [FXGL Background Thread 3 ] DEBUG Engine               - runtimeInfo: RuntimeInfo(platform=WINDOWS, version=11.17, build=16.07.2021 15.46)
23:12:06.533 [FXGL Background Thread 3 ] DEBUG Engine               - saveFileExt: sav
23:12:06.534 [FXGL Background Thread 3 ] DEBUG Engine               - scaledHeightProp$fxgl: DoubleProperty [bound, value: 600.0]
23:12:06.534 [FXGL Background Thread 3 ] DEBUG Engine               - scaledWidthProp$fxgl: DoubleProperty [bound, value: 800.0]
23:12:06.534 [FXGL Background Thread 3 ] DEBUG Engine               - sceneFactory: com.almasb.fxgl.app.scene.SceneFactory@343315b4
23:12:06.534 [FXGL Background Thread 3 ] DEBUG Engine               - secondsIn24h: 60
23:12:06.535 [FXGL Background Thread 3 ] DEBUG Engine               - soundMenuBack: menu/back.wav
23:12:06.535 [FXGL Background Thread 3 ] DEBUG Engine               - soundMenuPress: menu/press.wav
23:12:06.535 [FXGL Background Thread 3 ] DEBUG Engine               - soundMenuSelect: menu/select.wav
23:12:06.535 [FXGL Background Thread 3 ] DEBUG Engine               - soundNotification: core/notification.wav
23:12:06.536 [FXGL Background Thread 3 ] DEBUG Engine               - stageStyle: DECORATED
23:12:06.536 [FXGL Background Thread 3 ] DEBUG Engine               - supportedLanguages: [ENGLISH, FRENCH, GERMAN, HUNGARIAN, RUSSIAN]
23:12:06.536 [FXGL Background Thread 3 ] DEBUG Engine               - ticksPerSecond: -1
23:12:06.537 [FXGL Background Thread 3 ] DEBUG Engine               - title: Untitled
23:12:06.537 [FXGL Background Thread 3 ] DEBUG Engine               - urlGithub: https://github.com/AlmasB/FXGL
23:12:06.537 [FXGL Background Thread 3 ] DEBUG Engine               - urlLeaderboard: http://fxgl-top.herokuapp.com/
23:12:06.537 [FXGL Background Thread 3 ] DEBUG Engine               - urlPOM: https://raw.githubusercontent.com/AlmasB/FXGL/release/README.md
23:12:06.537 [FXGL Background Thread 3 ] DEBUG Engine               - userAppClass: class Minesweeper
23:12:06.538 [FXGL Background Thread 3 ] DEBUG Engine               - version: 0.0
23:12:06.538 [FXGL Background Thread 3 ] DEBUG Engine               - versionCheckDays: 7
23:12:06.538 [FXGL Background Thread 3 ] DEBUG Engine               - width: 800
23:12:06.539 [FXGL Background Thread 3 ] DEBUG Engine               - Logging services
23:12:06.539 [FXGL Background Thread 3 ] DEBUG Engine               - class com.almasb.fxgl.app.services.FXGLAssetLoaderService
23:12:06.539 [FXGL Background Thread 3 ] DEBUG Engine               - class com.almasb.fxgl.app.FXGLApplication$GameApplicationService
23:12:06.539 [FXGL Background Thread 3 ] DEBUG Engine               - class com.almasb.fxgl.app.services.FXGLDialogService
23:12:06.539 [FXGL Background Thread 3 ] DEBUG Engine               - class com.almasb.fxgl.app.services.IOTaskExecutorService
23:12:06.540 [FXGL Background Thread 3 ] DEBUG Engine               - class com.almasb.fxgl.io.FileSystemService
23:12:06.540 [FXGL Background Thread 3 ] DEBUG Engine               - class com.almasb.fxgl.localization.LocalizationService
23:12:06.540 [FXGL Background Thread 3 ] DEBUG Engine               - class com.almasb.fxgl.app.services.SystemBundleService
23:12:06.541 [FXGL Background Thread 3 ] DEBUG Engine               - class com.almasb.fxgl.profile.SaveLoadService
23:12:06.541 [FXGL Background Thread 3 ] DEBUG Engine               - class com.almasb.fxgl.ui.FXGLUIFactoryServiceProvider
23:12:06.541 [FXGL Background Thread 3 ] DEBUG Engine               - class com.almasb.fxgl.ui.FXGLDialogFactoryServiceProvider
23:12:06.541 [FXGL Background Thread 3 ] DEBUG Engine               - class com.almasb.fxgl.audio.AudioPlayer
23:12:06.542 [FXGL Background Thread 3 ] DEBUG Engine               - class com.almasb.fxgl.notification.impl.NotificationServiceProvider
23:12:06.543 [FXGL Background Thread 3 ] DEBUG Engine               - class com.almasb.fxgl.achievement.AchievementService
23:12:06.543 [FXGL Background Thread 3 ] DEBUG Engine               - class com.almasb.fxgl.cutscene.CutsceneService
23:12:06.543 [FXGL Background Thread 3 ] DEBUG Engine               - class com.almasb.fxgl.minigames.MiniGameService
23:12:06.543 [FXGL Background Thread 3 ] DEBUG Engine               - class com.almasb.fxgl.net.NetService
23:12:06.543 [FXGL Background Thread 3 ] DEBUG Engine               - class com.almasb.fxgl.app.services.UpdaterService
23:12:06.543 [FXGL Background Thread 3 ] DEBUG Engine               - class com.almasb.fxgl.dev.DevService
23:12:13.776 [JavaFX Application Thread] DEBUG FXGLApplication      - Exiting FXGL
23:12:13.776 [JavaFX Application Thread] DEBUG LoopRunner           - Stopping loop
23:12:13.776 [JavaFX Application Thread] DEBUG SystemBundleService  - Saving FXGL system data
23:12:13.779 [JavaFX Application Thread] DEBUG FileSystemAccess     - Writing to: C:\Users\RavindraReddyAmbati\IdeaProjects\mineswepper3\system\fxgl.bundle
23:12:13.783 [JavaFX Application Thread] DEBUG Async                - Shutting down background threads
23:12:13.783 [JavaFX Application Thread] DEBUG PrimaryStageWindow   - Closing main window
23:12:13.797 [JavaFX Application Thread] DEBUG Logger               - Closing Logger
