22:54:24.737 [main                     ] DEBUG Logger               - Configured Logger
22:54:24.825 [main                     ] DEBUG GameApplication      - Logging settings
Title: Untitled
Version: 0.0
Width: 800
Height: 600
Fullscreen: false
Intro: false
Profiling: false
Single step:false
App Mode: DEVELOPER
Menu Key: ESCAPE
Stage Style: DECORATED
Scene Factory: class com.almasb.fxgl.app.scene.SceneFactory

22:54:25.775 [JavaFX Application Thread] DEBUG FXGLApplication      - Initializing FXGL
22:54:25.780 [JavaFX Application Thread] INFO  Engine               - FXGL-11.17 (16.07.2021 15.46) on WINDOWS (J:11.0.13 FX:16)
22:54:25.781 [JavaFX Application Thread] DEBUG Engine               - JRE Vendor Name: Oracle Corporation
22:54:25.781 [JavaFX Application Thread] DEBUG Engine               - Running on OS: Windows 10 version 10.0
22:54:25.781 [JavaFX Application Thread] DEBUG Engine               - Architecture: amd64
22:54:25.782 [JavaFX Application Thread] INFO  Engine               - Source code and latest versions at: https://github.com/AlmasB/FXGL
22:54:25.782 [JavaFX Application Thread] INFO  Engine               -              Join the FXGL chat at: https://gitter.im/AlmasB/FXGL
22:54:26.201 [JavaFX Application Thread] DEBUG PrimaryStageWindow   - Creating a JavaFX scene
22:54:26.328 [JavaFX Application Thread] DEBUG PrimaryStageWindow   - Target settings size: 800.0 x 600.0
22:54:26.328 [JavaFX Application Thread] DEBUG PrimaryStageWindow   - Scaled scene size:    800.0 x 600.0
22:54:26.328 [JavaFX Application Thread] DEBUG PrimaryStageWindow   - Scaled ratio: (1.0, 1.0)
22:54:26.330 [JavaFX Application Thread] DEBUG PrimaryStageWindow   - Set initial scene to FXGLStartupScene
22:54:26.347 [JavaFX Application Thread] DEBUG PrimaryStageWindow   - Opening main window
22:54:26.523 [JavaFX Application Thread] DEBUG PrimaryStageWindow   - Window border size: (14.4000244140625, 37.5999755859375)
22:54:26.524 [JavaFX Application Thread] DEBUG PrimaryStageWindow   - Scaled size: 800.0 x 600.0
22:54:26.524 [JavaFX Application Thread] DEBUG PrimaryStageWindow   - Scaled ratio: (1.0, 1.0)
22:54:26.524 [JavaFX Application Thread] DEBUG PrimaryStageWindow   - Scene size: 800.0 x 600.0
22:54:26.525 [JavaFX Application Thread] DEBUG PrimaryStageWindow   - Stage size: 814.4000244140625 x 637.5999755859375
22:54:26.575 [FXGL Background Thread 1 ] DEBUG Engine               - Initializing environment variables
22:54:26.693 [FXGL Background Thread 1 ] DEBUG FXGLAssetLoaderServi - User app class for loading assets: class Minesweeper
22:54:26.693 [FXGL Background Thread 1 ] DEBUG GameApplicationServi - Applying CSS: fxgl_dark.css
22:54:26.695 [FXGL Background Thread 1 ] DEBUG FXGLAssetLoaderServi - Loading from file system: jar:file:/C:/Users/RavindraReddyAmbati/.m2/repository/com/github/almasb/fxgl/11.17/fxgl-11.17.jar!/fxglassets/ui/css/fxgl_dark.css
22:54:26.796 [FXGL Background Thread 1 ] DEBUG GameApplicationServi - Initializing application scenes
22:54:26.935 [FXGL Background Thread 1 ] DEBUG GameWorld            - Game world initialized
22:54:27.091 [FXGL Background Thread 1 ] DEBUG PhysicsWorld         - Physics world initialized: appHeight=600, physics.ppm=50.0
22:54:27.093 [FXGL Background Thread 1 ] DEBUG PhysicsWorld         - Using strategy: BRUTE_FORCE
22:54:27.098 [FXGL Background Thread 1 ] DEBUG GameScene            - Game scene initialized: 800x600
22:54:27.124 [FXGL Background Thread 1 ] DEBUG FXGL.DefaultMenu     - createMenuBodyGameMenu()
22:54:27.154 [FXGL Background Thread 1 ] DEBUG FXGL.DefaultMenu     - createOptionsMenu()
22:54:27.175 [FXGL Background Thread 1 ] DEBUG FXGLAssetLoaderServi - Loading from file system: jar:file:/C:/Users/RavindraReddyAmbati/.m2/repository/com/github/almasb/fxgl/11.17/fxgl-11.17.jar!/fxglassets/textures/particles/smoke.png
22:54:27.393 [FXGL Background Thread 1 ] DEBUG FXGLAssetLoaderServi - Loading from file system: jar:file:/C:/Users/RavindraReddyAmbati/.m2/repository/com/github/almasb/fxgl/11.17/fxgl-11.17.jar!/fxglassets/textures/particles/trace_horizontal.png
22:54:27.444 [FXGL Background Thread 1 ] DEBUG GameApplicationServi - Application scenes initialized
22:54:27.467 [FXGL Background Thread 1 ] DEBUG SystemBundleService  - Loading FXGL system data
22:54:27.476 [FXGL Background Thread 1 ] DEBUG FileSystemAccess     - Reading from: C:\Users\RavindraReddyAmbati\IdeaProjects\mineswepper3\system\fxgl.bundle
22:54:27.488 [FXGL Background Thread 1 ] DEBUG SystemBundleService  - Bundle FXGL: {}
22:54:27.488 [FXGL Background Thread 1 ] DEBUG UpdaterService       - Checking for updates
22:54:27.498 [FXGL Background Thread 1 ] DEBUG FXGLApplication      - Loading default localization
22:54:27.499 [FXGL Background Thread 1 ] DEBUG FXGLAssetLoaderServi - Loading from file system: jar:file:/C:/Users/RavindraReddyAmbati/.m2/repository/com/github/almasb/fxgl/11.17/fxgl-11.17.jar!/fxglassets/languages/english.lang
22:54:27.505 [FXGL Background Thread 4 ] DEBUG FXGLApplication      - Loading fonts
22:54:27.507 [FXGL Background Thread 4 ] DEBUG FXGLAssetLoaderServi - Loading from file system: jar:file:/C:/Users/RavindraReddyAmbati/.m2/repository/com/github/almasb/fxgl/11.17/fxgl-11.17.jar!/fxglassets/ui/fonts/VarelaRound-Regular.ttf
22:54:27.543 [FXGL Background Thread 1 ] INFO  FXGLApplication      - FXGL initialization took: 0.968 sec
22:54:27.545 [JavaFX Application Thread] DEBUG FXGLAssetLoaderServi - Loading from file system: jar:file:/C:/Users/RavindraReddyAmbati/.m2/repository/com/github/almasb/fxgl/11.17/fxgl-11.17.jar!/fxglassets/textures/fxgl_icon.png
22:54:27.587 [JavaFX Application Thread] DEBUG FXGLAssetLoaderServi - Loading from file system: jar:file:/C:/Users/RavindraReddyAmbati/.m2/repository/com/github/almasb/fxgl/11.17/fxgl-11.17.jar!/fxglassets/textures/fxgl_default_cursor.png
22:54:27.632 [JavaFX Application Thread] DEBUG Input                - Registered new binding: Screenshot - CTRL+8
22:54:27.633 [JavaFX Application Thread] DEBUG Input                - Registered new binding: System info dump - CTRL+9
22:54:27.634 [JavaFX Application Thread] DEBUG Input                - Registered new binding: Restart - CTRL+R
22:54:27.636 [JavaFX Application Thread] DEBUG Input                - Registered new binding: Toggle Debug Camera - CTRL+C
22:54:27.640 [JavaFX Application Thread] DEBUG LoopRunner           - Starting loop
22:54:27.640 [JavaFX Application Thread] DEBUG LoopRunner           - Initializing JavaFX AnimationTimerLoop
22:54:27.643 [JavaFX Application Thread] DEBUG GameApplicationServi - Starting new game
22:54:27.644 [JavaFX Application Thread] DEBUG Input                - Clearing active input actions
22:54:27.665 [JavaFX Application Thread] DEBUG GameApplicationServi - Removing overlay from FXGLStartupScene and adding to FXGLLoadingScene
22:54:27.666 [JavaFX Application Thread] DEBUG PrimaryStageWindow   - FXGLStartupScene -> FXGLLoadingScene
22:54:27.666 [JavaFX Application Thread] DEBUG GameApplicationServi - Clearing previous game
22:54:27.666 [JavaFX Application Thread] DEBUG GameScene            - Clearing game scene
22:54:27.666 [JavaFX Application Thread] DEBUG GameWorld            - Clearing game world
22:54:27.666 [JavaFX Application Thread] DEBUG PhysicsWorld         - Clearing physics world
22:54:27.668 [FXGL Background Thread 1 ] DEBUG FXGLApplication      - Initializing game
22:54:27.843 [FXGL Background Thread 1 ] INFO  FXGLApplication      - Game initialization took: 0.176 sec
22:54:27.985 [JavaFX Application Thread] DEBUG Input                - Clearing active input actions
22:54:28.006 [JavaFX Application Thread] DEBUG GameApplicationServi - Removing overlay from FXGLLoadingScene and adding to GameScene
22:54:28.006 [JavaFX Application Thread] DEBUG PrimaryStageWindow   - FXGLLoadingScene -> GameScene
22:54:28.404 [FXGL Background Thread 4 ] DEBUG FXGLAssetLoaderServi - Loading from file system: jar:file:/C:/Users/RavindraReddyAmbati/.m2/repository/com/github/almasb/fxgl/11.17/fxgl-11.17.jar!/fxglassets/ui/fonts/Abel-Regular.ttf
22:54:28.416 [FXGL Background Thread 4 ] DEBUG FXGLAssetLoaderServi - Loading from file system: jar:file:/C:/Users/RavindraReddyAmbati/.m2/repository/com/github/almasb/fxgl/11.17/fxgl-11.17.jar!/fxglassets/ui/fonts/lucida_console.ttf
22:54:28.426 [FXGL Background Thread 4 ] DEBUG FXGLAssetLoaderServi - Loading from file system: jar:file:/C:/Users/RavindraReddyAmbati/.m2/repository/com/github/almasb/fxgl/11.17/fxgl-11.17.jar!/fxglassets/ui/fonts/Courier-Prime.ttf
22:54:28.435 [JavaFX Application Thread] DEBUG FXGLApplication      - Registering font factories with UI factory
22:54:29.230 [FXGL Background Thread 2 ] INFO  UpdaterService       - Your current version:  11.17
22:54:29.231 [FXGL Background Thread 2 ] INFO  UpdaterService       - Latest stable version: 17.1
22:54:30.496 [FXGL Background Thread 3 ] DEBUG Engine               - Logging environment variables
22:54:30.497 [FXGL Background Thread 3 ] DEBUG Engine               - achievements: []
22:54:30.498 [FXGL Background Thread 3 ] DEBUG Engine               - actualHeight: 600.0
22:54:30.499 [FXGL Background Thread 3 ] DEBUG Engine               - actualHeightProperty: ReadOnlyDoubleProperty [value: 600.0]
22:54:30.499 [FXGL Background Thread 3 ] DEBUG Engine               - actualWidth: 800.0
22:54:30.499 [FXGL Background Thread 3 ] DEBUG Engine               - actualWidthProperty: ReadOnlyDoubleProperty [value: 800.0]
22:54:30.500 [FXGL Background Thread 3 ] DEBUG Engine               - appIcon: fxgl_icon.png
22:54:30.500 [FXGL Background Thread 3 ] DEBUG Engine               - applicationMode: DEVELOPER
22:54:30.500 [FXGL Background Thread 3 ] DEBUG Engine               - cSSList: [fxgl_dark.css]
22:54:30.502 [FXGL Background Thread 3 ] DEBUG Engine               - collisionDetectionStrategy: BRUTE_FORCE
22:54:30.502 [FXGL Background Thread 3 ] DEBUG Engine               - configClass: Optional.empty
22:54:30.502 [FXGL Background Thread 3 ] DEBUG Engine               - credits: []
22:54:30.502 [FXGL Background Thread 3 ] DEBUG Engine               - defaultCursor: CursorInfo(imageName=fxgl_default_cursor.png, hotspotX=7.0, hotspotY=6.0)
22:54:30.503 [FXGL Background Thread 3 ] DEBUG Engine               - devBBoxColorProperty: ObjectProperty [value: 0xff0000ff]
22:54:30.504 [FXGL Background Thread 3 ] DEBUG Engine               - devEnableDebugCameraProperty: BooleanProperty [value: false]
22:54:30.504 [FXGL Background Thread 3 ] DEBUG Engine               - devSensorColorProperty: ObjectProperty [value: 0xffff00ff]
22:54:30.505 [FXGL Background Thread 3 ] DEBUG Engine               - devShowBBoxProperty: BooleanProperty [value: false]
22:54:30.505 [FXGL Background Thread 3 ] DEBUG Engine               - devShowPositionProperty: BooleanProperty [value: false]
22:54:30.505 [FXGL Background Thread 3 ] DEBUG Engine               - enabledMenuItems: []
22:54:30.506 [FXGL Background Thread 3 ] DEBUG Engine               - engineServices: [class com.almasb.fxgl.app.services.FXGLAssetLoaderService, class com.almasb.fxgl.app.FXGLApplication$GameApplicationService, class com.almasb.fxgl.app.services.FXGLDialogService, class com.almasb.fxgl.app.services.IOTaskExecutorService, class com.almasb.fxgl.io.FileSystemService, class com.almasb.fxgl.localization.LocalizationService, class com.almasb.fxgl.app.services.SystemBundleService, class com.almasb.fxgl.profile.SaveLoadService, class com.almasb.fxgl.ui.FXGLUIFactoryServiceProvider, class com.almasb.fxgl.ui.FXGLDialogFactoryServiceProvider, class com.almasb.fxgl.audio.AudioPlayer, class com.almasb.fxgl.notification.impl.NotificationServiceProvider, class com.almasb.fxgl.achievement.AchievementService, class com.almasb.fxgl.cutscene.CutsceneService, class com.almasb.fxgl.minigames.MiniGameService, class com.almasb.fxgl.net.NetService, class com.almasb.fxgl.app.services.UpdaterService, class com.almasb.fxgl.dev.DevService]
22:54:30.507 [FXGL Background Thread 3 ] DEBUG Engine               - fontGame: Abel-Regular.ttf
22:54:30.508 [FXGL Background Thread 3 ] DEBUG Engine               - fontMono: lucida_console.ttf
22:54:30.508 [FXGL Background Thread 3 ] DEBUG Engine               - fontText: Courier-Prime.ttf
22:54:30.508 [FXGL Background Thread 3 ] DEBUG Engine               - fontUI: VarelaRound-Regular.ttf
22:54:30.508 [FXGL Background Thread 3 ] DEBUG Engine               - fullScreen: BooleanProperty [value: false]
22:54:30.509 [FXGL Background Thread 3 ] DEBUG Engine               - gameDifficulty: MEDIUM
22:54:30.509 [FXGL Background Thread 3 ] DEBUG Engine               - gameDifficultyProperty: ObjectProperty [value: MEDIUM]
22:54:30.510 [FXGL Background Thread 3 ] DEBUG Engine               - globalMusicVolume: 0.5
22:54:30.510 [FXGL Background Thread 3 ] DEBUG Engine               - globalMusicVolumeProperty: DoubleProperty [value: 0.5]
22:54:30.510 [FXGL Background Thread 3 ] DEBUG Engine               - globalSoundVolume: 0.5
22:54:30.510 [FXGL Background Thread 3 ] DEBUG Engine               - globalSoundVolumeProperty: DoubleProperty [value: 0.5]
22:54:30.512 [FXGL Background Thread 3 ] DEBUG Engine               - height: 600
22:54:30.512 [FXGL Background Thread 3 ] DEBUG Engine               - is3D: false
22:54:30.512 [FXGL Background Thread 3 ] DEBUG Engine               - isAndroid: false
22:54:30.512 [FXGL Background Thread 3 ] DEBUG Engine               - isBrowser: false
22:54:30.512 [FXGL Background Thread 3 ] DEBUG Engine               - isClickFeedbackEnabled: false
22:54:30.512 [FXGL Background Thread 3 ] DEBUG Engine               - isCloseConfirmation: false
22:54:30.512 [FXGL Background Thread 3 ] DEBUG Engine               - isDesktop: true
22:54:30.513 [FXGL Background Thread 3 ] DEBUG Engine               - isDeveloperMenuEnabled: false
22:54:30.514 [FXGL Background Thread 3 ] DEBUG Engine               - isEntityPreloadEnabled: true
22:54:30.514 [FXGL Background Thread 3 ] DEBUG Engine               - isExperimentalTiledLargeMap: false
22:54:30.514 [FXGL Background Thread 3 ] DEBUG Engine               - isFileSystemWriteAllowed: true
22:54:30.514 [FXGL Background Thread 3 ] DEBUG Engine               - isFullScreenAllowed: false
22:54:30.514 [FXGL Background Thread 3 ] DEBUG Engine               - isFullScreenFromStart: false
22:54:30.514 [FXGL Background Thread 3 ] DEBUG Engine               - isGameMenuEnabled: true
22:54:30.514 [FXGL Background Thread 3 ] DEBUG Engine               - isIOS: false
22:54:30.515 [FXGL Background Thread 3 ] DEBUG Engine               - isIntroEnabled: false
22:54:30.515 [FXGL Background Thread 3 ] DEBUG Engine               - isLinux: false
22:54:30.515 [FXGL Background Thread 3 ] DEBUG Engine               - isMac: false
22:54:30.516 [FXGL Background Thread 3 ] DEBUG Engine               - isMainMenuEnabled: false
22:54:30.516 [FXGL Background Thread 3 ] DEBUG Engine               - isManualResizeEnabled: false
22:54:30.516 [FXGL Background Thread 3 ] DEBUG Engine               - isMobile: false
22:54:30.516 [FXGL Background Thread 3 ] DEBUG Engine               - isNative: false
22:54:30.516 [FXGL Background Thread 3 ] DEBUG Engine               - isPauseMusicWhenMinimized: true
22:54:30.517 [FXGL Background Thread 3 ] DEBUG Engine               - isPreserveResizeRatio: false
22:54:30.517 [FXGL Background Thread 3 ] DEBUG Engine               - isProfilingEnabled: false
22:54:30.517 [FXGL Background Thread 3 ] DEBUG Engine               - isScaleAffectedOnResize: true
22:54:30.517 [FXGL Background Thread 3 ] DEBUG Engine               - isSingleStep: false
22:54:30.518 [FXGL Background Thread 3 ] DEBUG Engine               - isUserProfileEnabled: false
22:54:30.518 [FXGL Background Thread 3 ] DEBUG Engine               - isWindows: true
22:54:30.518 [FXGL Background Thread 3 ] DEBUG Engine               - language: ObjectProperty [value: ENGLISH]
22:54:30.519 [FXGL Background Thread 3 ] DEBUG Engine               - menuKey: ESCAPE
22:54:30.520 [FXGL Background Thread 3 ] DEBUG Engine               - mouseSensitivity: 0.2
22:54:30.520 [FXGL Background Thread 3 ] DEBUG Engine               - notificationViewClass: class com.almasb.fxgl.notification.view.XboxNotificationView
22:54:30.520 [FXGL Background Thread 3 ] DEBUG Engine               - pixelsPerMeter: 50.0
22:54:30.520 [FXGL Background Thread 3 ] DEBUG Engine               - platform: WINDOWS
22:54:30.520 [FXGL Background Thread 3 ] DEBUG Engine               - prefHeightProperty: ReadOnlyDoubleProperty [value: 600.0]
22:54:30.521 [FXGL Background Thread 3 ] DEBUG Engine               - prefWidthProperty: ReadOnlyDoubleProperty [value: 800.0]
22:54:30.521 [FXGL Background Thread 3 ] DEBUG Engine               - profileDir: profiles/
22:54:30.521 [FXGL Background Thread 3 ] DEBUG Engine               - profileName: StringProperty [value: DEFAULT]
22:54:30.522 [FXGL Background Thread 3 ] DEBUG Engine               - randomSeed: -1
22:54:30.522 [FXGL Background Thread 3 ] DEBUG Engine               - runtimeInfo: RuntimeInfo(platform=WINDOWS, version=11.17, build=16.07.2021 15.46)
22:54:30.523 [FXGL Background Thread 3 ] DEBUG Engine               - saveFileExt: sav
22:54:30.523 [FXGL Background Thread 3 ] DEBUG Engine               - scaledHeightProp$fxgl: DoubleProperty [bound, value: 600.0]
22:54:30.523 [FXGL Background Thread 3 ] DEBUG Engine               - scaledWidthProp$fxgl: DoubleProperty [bound, value: 800.0]
22:54:30.524 [FXGL Background Thread 3 ] DEBUG Engine               - sceneFactory: com.almasb.fxgl.app.scene.SceneFactory@2816c78e
22:54:30.524 [FXGL Background Thread 3 ] DEBUG Engine               - secondsIn24h: 60
22:54:30.524 [FXGL Background Thread 3 ] DEBUG Engine               - soundMenuBack: menu/back.wav
22:54:30.524 [FXGL Background Thread 3 ] DEBUG Engine               - soundMenuPress: menu/press.wav
22:54:30.525 [FXGL Background Thread 3 ] DEBUG Engine               - soundMenuSelect: menu/select.wav
22:54:30.525 [FXGL Background Thread 3 ] DEBUG Engine               - soundNotification: core/notification.wav
22:54:30.525 [FXGL Background Thread 3 ] DEBUG Engine               - stageStyle: DECORATED
22:54:30.526 [FXGL Background Thread 3 ] DEBUG Engine               - supportedLanguages: [ENGLISH, FRENCH, GERMAN, HUNGARIAN, RUSSIAN]
22:54:30.526 [FXGL Background Thread 3 ] DEBUG Engine               - ticksPerSecond: -1
22:54:30.526 [FXGL Background Thread 3 ] DEBUG Engine               - title: Untitled
22:54:30.526 [FXGL Background Thread 3 ] DEBUG Engine               - urlGithub: https://github.com/AlmasB/FXGL
22:54:30.527 [FXGL Background Thread 3 ] DEBUG Engine               - urlLeaderboard: http://fxgl-top.herokuapp.com/
22:54:30.527 [FXGL Background Thread 3 ] DEBUG Engine               - urlPOM: https://raw.githubusercontent.com/AlmasB/FXGL/release/README.md
22:54:30.527 [FXGL Background Thread 3 ] DEBUG Engine               - userAppClass: class Minesweeper
22:54:30.528 [FXGL Background Thread 3 ] DEBUG Engine               - version: 0.0
22:54:30.528 [FXGL Background Thread 3 ] DEBUG Engine               - versionCheckDays: 7
22:54:30.528 [FXGL Background Thread 3 ] DEBUG Engine               - width: 800
22:54:30.528 [FXGL Background Thread 3 ] DEBUG Engine               - Logging services
22:54:30.529 [FXGL Background Thread 3 ] DEBUG Engine               - class com.almasb.fxgl.app.services.FXGLAssetLoaderService
22:54:30.529 [FXGL Background Thread 3 ] DEBUG Engine               - class com.almasb.fxgl.app.FXGLApplication$GameApplicationService
22:54:30.529 [FXGL Background Thread 3 ] DEBUG Engine               - class com.almasb.fxgl.app.services.FXGLDialogService
22:54:30.529 [FXGL Background Thread 3 ] DEBUG Engine               - class com.almasb.fxgl.app.services.IOTaskExecutorService
22:54:30.529 [FXGL Background Thread 3 ] DEBUG Engine               - class com.almasb.fxgl.io.FileSystemService
22:54:30.530 [FXGL Background Thread 3 ] DEBUG Engine               - class com.almasb.fxgl.localization.LocalizationService
22:54:30.530 [FXGL Background Thread 3 ] DEBUG Engine               - class com.almasb.fxgl.app.services.SystemBundleService
22:54:30.530 [FXGL Background Thread 3 ] DEBUG Engine               - class com.almasb.fxgl.profile.SaveLoadService
22:54:30.530 [FXGL Background Thread 3 ] DEBUG Engine               - class com.almasb.fxgl.ui.FXGLUIFactoryServiceProvider
22:54:30.531 [FXGL Background Thread 3 ] DEBUG Engine               - class com.almasb.fxgl.ui.FXGLDialogFactoryServiceProvider
22:54:30.531 [FXGL Background Thread 3 ] DEBUG Engine               - class com.almasb.fxgl.audio.AudioPlayer
22:54:30.531 [FXGL Background Thread 3 ] DEBUG Engine               - class com.almasb.fxgl.notification.impl.NotificationServiceProvider
22:54:30.531 [FXGL Background Thread 3 ] DEBUG Engine               - class com.almasb.fxgl.achievement.AchievementService
22:54:30.531 [FXGL Background Thread 3 ] DEBUG Engine               - class com.almasb.fxgl.cutscene.CutsceneService
22:54:30.531 [FXGL Background Thread 3 ] DEBUG Engine               - class com.almasb.fxgl.minigames.MiniGameService
22:54:30.531 [FXGL Background Thread 3 ] DEBUG Engine               - class com.almasb.fxgl.net.NetService
22:54:30.532 [FXGL Background Thread 3 ] DEBUG Engine               - class com.almasb.fxgl.app.services.UpdaterService
22:54:30.532 [FXGL Background Thread 3 ] DEBUG Engine               - class com.almasb.fxgl.dev.DevService
22:54:33.265 [JavaFX Application Thread] DEBUG FXGLAssetLoaderServi - Loading from file system: file:/C:/Users/RavindraReddyAmbati/IdeaProjects/mineswepper3/target/classes/assets/textures/mine_60_60.png
22:54:43.129 [JavaFX Application Thread] DEBUG FXGLApplication      - Exiting FXGL
22:54:43.129 [JavaFX Application Thread] DEBUG LoopRunner           - Stopping loop
22:54:43.129 [JavaFX Application Thread] DEBUG SystemBundleService  - Saving FXGL system data
22:54:43.132 [JavaFX Application Thread] DEBUG FileSystemAccess     - Writing to: C:\Users\RavindraReddyAmbati\IdeaProjects\mineswepper3\system\fxgl.bundle
22:54:43.136 [JavaFX Application Thread] DEBUG Async                - Shutting down background threads
22:54:43.136 [JavaFX Application Thread] DEBUG PrimaryStageWindow   - Closing main window
22:54:43.157 [JavaFX Application Thread] DEBUG Logger               - Closing Logger
