23:14:55.315 [main                     ] DEBUG Logger               - Configured Logger
23:14:55.397 [main                     ] DEBUG GameApplication      - Logging settings
Title: Untitled
Version: 0.0
Width: 800
Height: 600
Fullscreen: false
Intro: false
Profiling: false
Single step:false
App Mode: DEVELOPER
Menu Key: ESCAPE
Stage Style: DECORATED
Scene Factory: class com.almasb.fxgl.app.scene.SceneFactory

23:14:56.285 [JavaFX Application Thread] DEBUG FXGLApplication      - Initializing FXGL
23:14:56.289 [JavaFX Application Thread] INFO  Engine               - FXGL-11.17 (16.07.2021 15.46) on WINDOWS (J:11.0.13 FX:16)
23:14:56.290 [JavaFX Application Thread] DEBUG Engine               - JRE Vendor Name: Oracle Corporation
23:14:56.290 [JavaFX Application Thread] DEBUG Engine               - Running on OS: Windows 10 version 10.0
23:14:56.291 [JavaFX Application Thread] DEBUG Engine               - Architecture: amd64
23:14:56.291 [JavaFX Application Thread] INFO  Engine               - Source code and latest versions at: https://github.com/AlmasB/FXGL
23:14:56.291 [JavaFX Application Thread] INFO  Engine               -              Join the FXGL chat at: https://gitter.im/AlmasB/FXGL
23:14:56.556 [JavaFX Application Thread] DEBUG PrimaryStageWindow   - Creating a JavaFX scene
23:14:56.683 [JavaFX Application Thread] DEBUG PrimaryStageWindow   - Target settings size: 800.0 x 600.0
23:14:56.683 [JavaFX Application Thread] DEBUG PrimaryStageWindow   - Scaled scene size:    800.0 x 600.0
23:14:56.684 [JavaFX Application Thread] DEBUG PrimaryStageWindow   - Scaled ratio: (1.0, 1.0)
23:14:56.686 [JavaFX Application Thread] DEBUG PrimaryStageWindow   - Set initial scene to FXGLStartupScene
23:14:56.704 [JavaFX Application Thread] DEBUG PrimaryStageWindow   - Opening main window
23:14:56.875 [JavaFX Application Thread] DEBUG PrimaryStageWindow   - Window border size: (14.4000244140625, 37.5999755859375)
23:14:56.876 [JavaFX Application Thread] DEBUG PrimaryStageWindow   - Scaled size: 800.0 x 600.0
23:14:56.876 [JavaFX Application Thread] DEBUG PrimaryStageWindow   - Scaled ratio: (1.0, 1.0)
23:14:56.877 [JavaFX Application Thread] DEBUG PrimaryStageWindow   - Scene size: 800.0 x 600.0
23:14:56.878 [JavaFX Application Thread] DEBUG PrimaryStageWindow   - Stage size: 814.4000244140625 x 637.5999755859375
23:14:56.903 [FXGL Background Thread 1 ] DEBUG Engine               - Initializing environment variables
23:14:57.055 [FXGL Background Thread 1 ] DEBUG FXGLAssetLoaderServi - User app class for loading assets: class Minesweeper
23:14:57.056 [FXGL Background Thread 1 ] DEBUG GameApplicationServi - Applying CSS: fxgl_dark.css
23:14:57.058 [FXGL Background Thread 1 ] DEBUG FXGLAssetLoaderServi - Loading from file system: jar:file:/C:/Users/RavindraReddyAmbati/.m2/repository/com/github/almasb/fxgl/11.17/fxgl-11.17.jar!/fxglassets/ui/css/fxgl_dark.css
23:14:57.156 [FXGL Background Thread 1 ] DEBUG GameApplicationServi - Initializing application scenes
23:14:57.304 [FXGL Background Thread 1 ] DEBUG GameWorld            - Game world initialized
23:14:57.437 [FXGL Background Thread 1 ] DEBUG PhysicsWorld         - Physics world initialized: appHeight=600, physics.ppm=50.0
23:14:57.438 [FXGL Background Thread 1 ] DEBUG PhysicsWorld         - Using strategy: BRUTE_FORCE
23:14:57.443 [FXGL Background Thread 1 ] DEBUG GameScene            - Game scene initialized: 800x600
23:14:57.470 [FXGL Background Thread 1 ] DEBUG FXGL.DefaultMenu     - createMenuBodyGameMenu()
23:14:57.515 [FXGL Background Thread 1 ] DEBUG FXGL.DefaultMenu     - createOptionsMenu()
23:14:57.550 [FXGL Background Thread 1 ] DEBUG FXGLAssetLoaderServi - Loading from file system: jar:file:/C:/Users/RavindraReddyAmbati/.m2/repository/com/github/almasb/fxgl/11.17/fxgl-11.17.jar!/fxglassets/textures/particles/smoke.png
23:14:57.811 [FXGL Background Thread 1 ] DEBUG FXGLAssetLoaderServi - Loading from file system: jar:file:/C:/Users/RavindraReddyAmbati/.m2/repository/com/github/almasb/fxgl/11.17/fxgl-11.17.jar!/fxglassets/textures/particles/trace_horizontal.png
23:14:57.858 [FXGL Background Thread 1 ] DEBUG GameApplicationServi - Application scenes initialized
23:14:57.882 [FXGL Background Thread 1 ] DEBUG SystemBundleService  - Loading FXGL system data
23:14:57.890 [FXGL Background Thread 1 ] DEBUG FileSystemAccess     - Reading from: C:\Users\RavindraReddyAmbati\IdeaProjects\mineswepper3\system\fxgl.bundle
23:14:57.924 [FXGL Background Thread 1 ] DEBUG SystemBundleService  - Bundle FXGL: {}
23:14:57.925 [FXGL Background Thread 1 ] DEBUG UpdaterService       - Checking for updates
23:14:57.933 [FXGL Background Thread 1 ] DEBUG FXGLApplication      - Loading default localization
23:14:57.934 [FXGL Background Thread 1 ] DEBUG FXGLAssetLoaderServi - Loading from file system: jar:file:/C:/Users/RavindraReddyAmbati/.m2/repository/com/github/almasb/fxgl/11.17/fxgl-11.17.jar!/fxglassets/languages/english.lang
23:14:57.960 [FXGL Background Thread 1 ] INFO  FXGLApplication      - FXGL initialization took: 1.057 sec
23:14:57.962 [JavaFX Application Thread] DEBUG FXGLAssetLoaderServi - Loading from file system: jar:file:/C:/Users/RavindraReddyAmbati/.m2/repository/com/github/almasb/fxgl/11.17/fxgl-11.17.jar!/fxglassets/textures/fxgl_icon.png
23:14:57.967 [FXGL Background Thread 4 ] DEBUG FXGLApplication      - Loading fonts
23:14:57.972 [FXGL Background Thread 4 ] DEBUG FXGLAssetLoaderServi - Loading from file system: jar:file:/C:/Users/RavindraReddyAmbati/.m2/repository/com/github/almasb/fxgl/11.17/fxgl-11.17.jar!/fxglassets/ui/fonts/VarelaRound-Regular.ttf
23:14:58.048 [JavaFX Application Thread] DEBUG FXGLAssetLoaderServi - Loading from file system: jar:file:/C:/Users/RavindraReddyAmbati/.m2/repository/com/github/almasb/fxgl/11.17/fxgl-11.17.jar!/fxglassets/textures/fxgl_default_cursor.png
23:14:58.082 [JavaFX Application Thread] DEBUG Input                - Registered new binding: Screenshot - CTRL+8
23:14:58.083 [JavaFX Application Thread] DEBUG Input                - Registered new binding: System info dump - CTRL+9
23:14:58.084 [JavaFX Application Thread] DEBUG Input                - Registered new binding: Restart - CTRL+R
23:14:58.085 [JavaFX Application Thread] DEBUG Input                - Registered new binding: Toggle Debug Camera - CTRL+C
23:14:58.091 [JavaFX Application Thread] DEBUG LoopRunner           - Starting loop
23:14:58.091 [JavaFX Application Thread] DEBUG LoopRunner           - Initializing JavaFX AnimationTimerLoop
23:14:58.094 [JavaFX Application Thread] DEBUG GameApplicationServi - Starting new game
23:14:58.094 [JavaFX Application Thread] DEBUG Input                - Clearing active input actions
23:14:58.115 [JavaFX Application Thread] DEBUG GameApplicationServi - Removing overlay from FXGLStartupScene and adding to FXGLLoadingScene
23:14:58.115 [JavaFX Application Thread] DEBUG PrimaryStageWindow   - FXGLStartupScene -> FXGLLoadingScene
23:14:58.115 [JavaFX Application Thread] DEBUG GameApplicationServi - Clearing previous game
23:14:58.116 [JavaFX Application Thread] DEBUG GameScene            - Clearing game scene
23:14:58.116 [JavaFX Application Thread] DEBUG GameWorld            - Clearing game world
23:14:58.116 [JavaFX Application Thread] DEBUG PhysicsWorld         - Clearing physics world
23:14:58.123 [FXGL Background Thread 1 ] DEBUG FXGLApplication      - Initializing game
23:14:58.618 [FXGL Background Thread 1 ] INFO  FXGLApplication      - Game initialization took: 0.495 sec
23:14:58.650 [JavaFX Application Thread] DEBUG Input                - Clearing active input actions
23:14:58.709 [JavaFX Application Thread] DEBUG GameApplicationServi - Removing overlay from FXGLLoadingScene and adding to GameScene
23:14:58.710 [JavaFX Application Thread] DEBUG PrimaryStageWindow   - FXGLLoadingScene -> GameScene
23:14:59.391 [FXGL Background Thread 4 ] DEBUG FXGLAssetLoaderServi - Loading from file system: jar:file:/C:/Users/RavindraReddyAmbati/.m2/repository/com/github/almasb/fxgl/11.17/fxgl-11.17.jar!/fxglassets/ui/fonts/Abel-Regular.ttf
23:14:59.397 [FXGL Background Thread 4 ] DEBUG FXGLAssetLoaderServi - Loading from file system: jar:file:/C:/Users/RavindraReddyAmbati/.m2/repository/com/github/almasb/fxgl/11.17/fxgl-11.17.jar!/fxglassets/ui/fonts/lucida_console.ttf
23:14:59.406 [FXGL Background Thread 4 ] DEBUG FXGLAssetLoaderServi - Loading from file system: jar:file:/C:/Users/RavindraReddyAmbati/.m2/repository/com/github/almasb/fxgl/11.17/fxgl-11.17.jar!/fxglassets/ui/fonts/Courier-Prime.ttf
23:14:59.415 [JavaFX Application Thread] DEBUG FXGLApplication      - Registering font factories with UI factory
23:14:59.888 [FXGL Background Thread 2 ] INFO  UpdaterService       - Your current version:  11.17
23:14:59.888 [FXGL Background Thread 2 ] INFO  UpdaterService       - Latest stable version: 17.1
23:15:00.931 [FXGL Background Thread 3 ] DEBUG Engine               - Logging environment variables
23:15:00.932 [FXGL Background Thread 3 ] DEBUG Engine               - achievements: []
23:15:00.932 [FXGL Background Thread 3 ] DEBUG Engine               - actualHeight: 600.0
23:15:00.932 [FXGL Background Thread 3 ] DEBUG Engine               - actualHeightProperty: ReadOnlyDoubleProperty [value: 600.0]
23:15:00.932 [FXGL Background Thread 3 ] DEBUG Engine               - actualWidth: 800.0
23:15:00.932 [FXGL Background Thread 3 ] DEBUG Engine               - actualWidthProperty: ReadOnlyDoubleProperty [value: 800.0]
23:15:00.932 [FXGL Background Thread 3 ] DEBUG Engine               - appIcon: fxgl_icon.png
23:15:00.933 [FXGL Background Thread 3 ] DEBUG Engine               - applicationMode: DEVELOPER
23:15:00.933 [FXGL Background Thread 3 ] DEBUG Engine               - cSSList: [fxgl_dark.css]
23:15:00.933 [FXGL Background Thread 3 ] DEBUG Engine               - collisionDetectionStrategy: BRUTE_FORCE
23:15:00.933 [FXGL Background Thread 3 ] DEBUG Engine               - configClass: Optional.empty
23:15:00.933 [FXGL Background Thread 3 ] DEBUG Engine               - credits: []
23:15:00.933 [FXGL Background Thread 3 ] DEBUG Engine               - defaultCursor: CursorInfo(imageName=fxgl_default_cursor.png, hotspotX=7.0, hotspotY=6.0)
23:15:00.934 [FXGL Background Thread 3 ] DEBUG Engine               - devBBoxColorProperty: ObjectProperty [value: 0xff0000ff]
23:15:00.934 [FXGL Background Thread 3 ] DEBUG Engine               - devEnableDebugCameraProperty: BooleanProperty [value: false]
23:15:00.934 [FXGL Background Thread 3 ] DEBUG Engine               - devSensorColorProperty: ObjectProperty [value: 0xffff00ff]
23:15:00.935 [FXGL Background Thread 3 ] DEBUG Engine               - devShowBBoxProperty: BooleanProperty [value: false]
23:15:00.935 [FXGL Background Thread 3 ] DEBUG Engine               - devShowPositionProperty: BooleanProperty [value: false]
23:15:00.935 [FXGL Background Thread 3 ] DEBUG Engine               - enabledMenuItems: []
23:15:00.935 [FXGL Background Thread 3 ] DEBUG Engine               - engineServices: [class com.almasb.fxgl.app.services.FXGLAssetLoaderService, class com.almasb.fxgl.app.FXGLApplication$GameApplicationService, class com.almasb.fxgl.app.services.FXGLDialogService, class com.almasb.fxgl.app.services.IOTaskExecutorService, class com.almasb.fxgl.io.FileSystemService, class com.almasb.fxgl.localization.LocalizationService, class com.almasb.fxgl.app.services.SystemBundleService, class com.almasb.fxgl.profile.SaveLoadService, class com.almasb.fxgl.ui.FXGLUIFactoryServiceProvider, class com.almasb.fxgl.ui.FXGLDialogFactoryServiceProvider, class com.almasb.fxgl.audio.AudioPlayer, class com.almasb.fxgl.notification.impl.NotificationServiceProvider, class com.almasb.fxgl.achievement.AchievementService, class com.almasb.fxgl.cutscene.CutsceneService, class com.almasb.fxgl.minigames.MiniGameService, class com.almasb.fxgl.net.NetService, class com.almasb.fxgl.app.services.UpdaterService, class com.almasb.fxgl.dev.DevService]
23:15:00.935 [FXGL Background Thread 3 ] DEBUG Engine               - fontGame: Abel-Regular.ttf
23:15:00.935 [FXGL Background Thread 3 ] DEBUG Engine               - fontMono: lucida_console.ttf
23:15:00.935 [FXGL Background Thread 3 ] DEBUG Engine               - fontText: Courier-Prime.ttf
23:15:00.935 [FXGL Background Thread 3 ] DEBUG Engine               - fontUI: VarelaRound-Regular.ttf
23:15:00.936 [FXGL Background Thread 3 ] DEBUG Engine               - fullScreen: BooleanProperty [value: false]
23:15:00.936 [FXGL Background Thread 3 ] DEBUG Engine               - gameDifficulty: MEDIUM
23:15:00.936 [FXGL Background Thread 3 ] DEBUG Engine               - gameDifficultyProperty: ObjectProperty [value: MEDIUM]
23:15:00.936 [FXGL Background Thread 3 ] DEBUG Engine               - globalMusicVolume: 0.5
23:15:00.936 [FXGL Background Thread 3 ] DEBUG Engine               - globalMusicVolumeProperty: DoubleProperty [value: 0.5]
23:15:00.936 [FXGL Background Thread 3 ] DEBUG Engine               - globalSoundVolume: 0.5
23:15:00.937 [FXGL Background Thread 3 ] DEBUG Engine               - globalSoundVolumeProperty: DoubleProperty [value: 0.5]
23:15:00.937 [FXGL Background Thread 3 ] DEBUG Engine               - height: 600
23:15:00.937 [FXGL Background Thread 3 ] DEBUG Engine               - is3D: false
23:15:00.937 [FXGL Background Thread 3 ] DEBUG Engine               - isAndroid: false
23:15:00.937 [FXGL Background Thread 3 ] DEBUG Engine               - isBrowser: false
23:15:00.937 [FXGL Background Thread 3 ] DEBUG Engine               - isClickFeedbackEnabled: false
23:15:00.937 [FXGL Background Thread 3 ] DEBUG Engine               - isCloseConfirmation: false
23:15:00.937 [FXGL Background Thread 3 ] DEBUG Engine               - isDesktop: true
23:15:00.938 [FXGL Background Thread 3 ] DEBUG Engine               - isDeveloperMenuEnabled: false
23:15:00.938 [FXGL Background Thread 3 ] DEBUG Engine               - isEntityPreloadEnabled: true
23:15:00.938 [FXGL Background Thread 3 ] DEBUG Engine               - isExperimentalTiledLargeMap: false
23:15:00.938 [FXGL Background Thread 3 ] DEBUG Engine               - isFileSystemWriteAllowed: true
23:15:00.938 [FXGL Background Thread 3 ] DEBUG Engine               - isFullScreenAllowed: false
23:15:00.938 [FXGL Background Thread 3 ] DEBUG Engine               - isFullScreenFromStart: false
23:15:00.938 [FXGL Background Thread 3 ] DEBUG Engine               - isGameMenuEnabled: true
23:15:00.938 [FXGL Background Thread 3 ] DEBUG Engine               - isIOS: false
23:15:00.939 [FXGL Background Thread 3 ] DEBUG Engine               - isIntroEnabled: false
23:15:00.939 [FXGL Background Thread 3 ] DEBUG Engine               - isLinux: false
23:15:00.939 [FXGL Background Thread 3 ] DEBUG Engine               - isMac: false
23:15:00.939 [FXGL Background Thread 3 ] DEBUG Engine               - isMainMenuEnabled: false
23:15:00.939 [FXGL Background Thread 3 ] DEBUG Engine               - isManualResizeEnabled: false
23:15:00.939 [FXGL Background Thread 3 ] DEBUG Engine               - isMobile: false
23:15:00.939 [FXGL Background Thread 3 ] DEBUG Engine               - isNative: false
23:15:00.940 [FXGL Background Thread 3 ] DEBUG Engine               - isPauseMusicWhenMinimized: true
23:15:00.940 [FXGL Background Thread 3 ] DEBUG Engine               - isPreserveResizeRatio: false
23:15:00.940 [FXGL Background Thread 3 ] DEBUG Engine               - isProfilingEnabled: false
23:15:00.940 [FXGL Background Thread 3 ] DEBUG Engine               - isScaleAffectedOnResize: true
23:15:00.940 [FXGL Background Thread 3 ] DEBUG Engine               - isSingleStep: false
23:15:00.940 [FXGL Background Thread 3 ] DEBUG Engine               - isUserProfileEnabled: false
23:15:00.941 [FXGL Background Thread 3 ] DEBUG Engine               - isWindows: true
23:15:00.941 [FXGL Background Thread 3 ] DEBUG Engine               - language: ObjectProperty [value: ENGLISH]
23:15:00.941 [FXGL Background Thread 3 ] DEBUG Engine               - menuKey: ESCAPE
23:15:00.941 [FXGL Background Thread 3 ] DEBUG Engine               - mouseSensitivity: 0.2
23:15:00.941 [FXGL Background Thread 3 ] DEBUG Engine               - notificationViewClass: class com.almasb.fxgl.notification.view.XboxNotificationView
23:15:00.941 [FXGL Background Thread 3 ] DEBUG Engine               - pixelsPerMeter: 50.0
23:15:00.941 [FXGL Background Thread 3 ] DEBUG Engine               - platform: WINDOWS
23:15:00.942 [FXGL Background Thread 3 ] DEBUG Engine               - prefHeightProperty: ReadOnlyDoubleProperty [value: 600.0]
23:15:00.942 [FXGL Background Thread 3 ] DEBUG Engine               - prefWidthProperty: ReadOnlyDoubleProperty [value: 800.0]
23:15:00.942 [FXGL Background Thread 3 ] DEBUG Engine               - profileDir: profiles/
23:15:00.942 [FXGL Background Thread 3 ] DEBUG Engine               - profileName: StringProperty [value: DEFAULT]
23:15:00.942 [FXGL Background Thread 3 ] DEBUG Engine               - randomSeed: -1
23:15:00.942 [FXGL Background Thread 3 ] DEBUG Engine               - runtimeInfo: RuntimeInfo(platform=WINDOWS, version=11.17, build=16.07.2021 15.46)
23:15:00.942 [FXGL Background Thread 3 ] DEBUG Engine               - saveFileExt: sav
23:15:00.943 [FXGL Background Thread 3 ] DEBUG Engine               - scaledHeightProp$fxgl: DoubleProperty [bound, value: 600.0]
23:15:00.943 [FXGL Background Thread 3 ] DEBUG Engine               - scaledWidthProp$fxgl: DoubleProperty [bound, value: 800.0]
23:15:00.943 [FXGL Background Thread 3 ] DEBUG Engine               - sceneFactory: com.almasb.fxgl.app.scene.SceneFactory@ce30c2c
23:15:00.943 [FXGL Background Thread 3 ] DEBUG Engine               - secondsIn24h: 60
23:15:00.943 [FXGL Background Thread 3 ] DEBUG Engine               - soundMenuBack: menu/back.wav
23:15:00.944 [FXGL Background Thread 3 ] DEBUG Engine               - soundMenuPress: menu/press.wav
23:15:00.944 [FXGL Background Thread 3 ] DEBUG Engine               - soundMenuSelect: menu/select.wav
23:15:00.944 [FXGL Background Thread 3 ] DEBUG Engine               - soundNotification: core/notification.wav
23:15:00.944 [FXGL Background Thread 3 ] DEBUG Engine               - stageStyle: DECORATED
23:15:00.944 [FXGL Background Thread 3 ] DEBUG Engine               - supportedLanguages: [ENGLISH, FRENCH, GERMAN, HUNGARIAN, RUSSIAN]
23:15:00.944 [FXGL Background Thread 3 ] DEBUG Engine               - ticksPerSecond: -1
23:15:00.944 [FXGL Background Thread 3 ] DEBUG Engine               - title: Untitled
23:15:00.944 [FXGL Background Thread 3 ] DEBUG Engine               - urlGithub: https://github.com/AlmasB/FXGL
23:15:00.944 [FXGL Background Thread 3 ] DEBUG Engine               - urlLeaderboard: http://fxgl-top.herokuapp.com/
23:15:00.944 [FXGL Background Thread 3 ] DEBUG Engine               - urlPOM: https://raw.githubusercontent.com/AlmasB/FXGL/release/README.md
23:15:00.945 [FXGL Background Thread 3 ] DEBUG Engine               - userAppClass: class Minesweeper
23:15:00.945 [FXGL Background Thread 3 ] DEBUG Engine               - version: 0.0
23:15:00.945 [FXGL Background Thread 3 ] DEBUG Engine               - versionCheckDays: 7
23:15:00.945 [FXGL Background Thread 3 ] DEBUG Engine               - width: 800
23:15:00.945 [FXGL Background Thread 3 ] DEBUG Engine               - Logging services
23:15:00.945 [FXGL Background Thread 3 ] DEBUG Engine               - class com.almasb.fxgl.app.services.FXGLAssetLoaderService
23:15:00.945 [FXGL Background Thread 3 ] DEBUG Engine               - class com.almasb.fxgl.app.FXGLApplication$GameApplicationService
23:15:00.946 [FXGL Background Thread 3 ] DEBUG Engine               - class com.almasb.fxgl.app.services.FXGLDialogService
23:15:00.946 [FXGL Background Thread 3 ] DEBUG Engine               - class com.almasb.fxgl.app.services.IOTaskExecutorService
23:15:00.946 [FXGL Background Thread 3 ] DEBUG Engine               - class com.almasb.fxgl.io.FileSystemService
23:15:00.946 [FXGL Background Thread 3 ] DEBUG Engine               - class com.almasb.fxgl.localization.LocalizationService
23:15:00.946 [FXGL Background Thread 3 ] DEBUG Engine               - class com.almasb.fxgl.app.services.SystemBundleService
23:15:00.946 [FXGL Background Thread 3 ] DEBUG Engine               - class com.almasb.fxgl.profile.SaveLoadService
23:15:00.946 [FXGL Background Thread 3 ] DEBUG Engine               - class com.almasb.fxgl.ui.FXGLUIFactoryServiceProvider
23:15:00.946 [FXGL Background Thread 3 ] DEBUG Engine               - class com.almasb.fxgl.ui.FXGLDialogFactoryServiceProvider
23:15:00.947 [FXGL Background Thread 3 ] DEBUG Engine               - class com.almasb.fxgl.audio.AudioPlayer
23:15:00.947 [FXGL Background Thread 3 ] DEBUG Engine               - class com.almasb.fxgl.notification.impl.NotificationServiceProvider
23:15:00.947 [FXGL Background Thread 3 ] DEBUG Engine               - class com.almasb.fxgl.achievement.AchievementService
23:15:00.947 [FXGL Background Thread 3 ] DEBUG Engine               - class com.almasb.fxgl.cutscene.CutsceneService
23:15:00.947 [FXGL Background Thread 3 ] DEBUG Engine               - class com.almasb.fxgl.minigames.MiniGameService
23:15:00.947 [FXGL Background Thread 3 ] DEBUG Engine               - class com.almasb.fxgl.net.NetService
23:15:00.947 [FXGL Background Thread 3 ] DEBUG Engine               - class com.almasb.fxgl.app.services.UpdaterService
23:15:00.947 [FXGL Background Thread 3 ] DEBUG Engine               - class com.almasb.fxgl.dev.DevService
23:15:05.900 [JavaFX Application Thread] DEBUG FXGLAssetLoaderServi - Loading from file system: file:/C:/Users/RavindraReddyAmbati/IdeaProjects/mineswepper3/target/classes/assets/textures/mine_25_25.png
23:15:10.534 [JavaFX Application Thread] DEBUG FXGLApplication      - Exiting FXGL
23:15:10.534 [JavaFX Application Thread] DEBUG LoopRunner           - Stopping loop
23:15:10.535 [JavaFX Application Thread] DEBUG SystemBundleService  - Saving FXGL system data
23:15:10.538 [JavaFX Application Thread] DEBUG FileSystemAccess     - Writing to: C:\Users\RavindraReddyAmbati\IdeaProjects\mineswepper3\system\fxgl.bundle
23:15:10.542 [JavaFX Application Thread] DEBUG Async                - Shutting down background threads
23:15:10.542 [JavaFX Application Thread] DEBUG PrimaryStageWindow   - Closing main window
23:15:10.565 [JavaFX Application Thread] DEBUG Logger               - Closing Logger
