22:42:02.974 [main                     ] DEBUG Logger               - Configured Logger
22:42:03.038 [main                     ] DEBUG GameApplication      - Logging settings
Title: Untitled
Version: 0.0
Width: 800
Height: 600
Fullscreen: false
Intro: false
Profiling: false
Single step:false
App Mode: DEVELOPER
Menu Key: ESCAPE
Stage Style: DECORATED
Scene Factory: class com.almasb.fxgl.app.scene.SceneFactory

22:42:04.255 [JavaFX Application Thread] DEBUG FXGLApplication      - Initializing FXGL
22:42:04.260 [JavaFX Application Thread] INFO  Engine               - FXGL-11.17 (16.07.2021 15.46) on WINDOWS (J:11.0.13 FX:16)
22:42:04.261 [JavaFX Application Thread] DEBUG Engine               - JRE Vendor Name: Oracle Corporation
22:42:04.261 [JavaFX Application Thread] DEBUG Engine               - Running on OS: Windows 10 version 10.0
22:42:04.261 [JavaFX Application Thread] DEBUG Engine               - Architecture: amd64
22:42:04.262 [JavaFX Application Thread] INFO  Engine               - Source code and latest versions at: https://github.com/AlmasB/FXGL
22:42:04.263 [JavaFX Application Thread] INFO  Engine               -              Join the FXGL chat at: https://gitter.im/AlmasB/FXGL
22:42:04.537 [JavaFX Application Thread] DEBUG PrimaryStageWindow   - Creating a JavaFX scene
22:42:04.690 [JavaFX Application Thread] DEBUG PrimaryStageWindow   - Target settings size: 800.0 x 600.0
22:42:04.690 [JavaFX Application Thread] DEBUG PrimaryStageWindow   - Scaled scene size:    800.0 x 600.0
22:42:04.691 [JavaFX Application Thread] DEBUG PrimaryStageWindow   - Scaled ratio: (1.0, 1.0)
22:42:04.693 [JavaFX Application Thread] DEBUG PrimaryStageWindow   - Set initial scene to FXGLStartupScene
22:42:04.708 [JavaFX Application Thread] DEBUG PrimaryStageWindow   - Opening main window
22:42:04.870 [JavaFX Application Thread] DEBUG PrimaryStageWindow   - Window border size: (14.4000244140625, 37.5999755859375)
22:42:04.870 [JavaFX Application Thread] DEBUG PrimaryStageWindow   - Scaled size: 800.0 x 600.0
22:42:04.871 [JavaFX Application Thread] DEBUG PrimaryStageWindow   - Scaled ratio: (1.0, 1.0)
22:42:04.871 [JavaFX Application Thread] DEBUG PrimaryStageWindow   - Scene size: 800.0 x 600.0
22:42:04.872 [JavaFX Application Thread] DEBUG PrimaryStageWindow   - Stage size: 814.4000244140625 x 637.5999755859375
22:42:04.892 [FXGL Background Thread 1 ] DEBUG Engine               - Initializing environment variables
22:42:05.044 [FXGL Background Thread 1 ] DEBUG FXGLAssetLoaderServi - User app class for loading assets: class Minesweeper
22:42:05.044 [FXGL Background Thread 1 ] DEBUG GameApplicationServi - Applying CSS: fxgl_dark.css
22:42:05.046 [FXGL Background Thread 1 ] DEBUG FXGLAssetLoaderServi - Loading from file system: jar:file:/C:/Users/RavindraReddyAmbati/.m2/repository/com/github/almasb/fxgl/11.17/fxgl-11.17.jar!/fxglassets/ui/css/fxgl_dark.css
22:42:05.148 [FXGL Background Thread 1 ] DEBUG GameApplicationServi - Initializing application scenes
22:42:05.293 [FXGL Background Thread 1 ] DEBUG GameWorld            - Game world initialized
22:42:05.425 [FXGL Background Thread 1 ] DEBUG PhysicsWorld         - Physics world initialized: appHeight=600, physics.ppm=50.0
22:42:05.426 [FXGL Background Thread 1 ] DEBUG PhysicsWorld         - Using strategy: BRUTE_FORCE
22:42:05.430 [FXGL Background Thread 1 ] DEBUG GameScene            - Game scene initialized: 800x600
22:42:05.456 [FXGL Background Thread 1 ] DEBUG FXGL.DefaultMenu     - createMenuBodyGameMenu()
22:42:05.496 [FXGL Background Thread 1 ] DEBUG FXGL.DefaultMenu     - createOptionsMenu()
22:42:05.517 [FXGL Background Thread 1 ] DEBUG FXGLAssetLoaderServi - Loading from file system: jar:file:/C:/Users/RavindraReddyAmbati/.m2/repository/com/github/almasb/fxgl/11.17/fxgl-11.17.jar!/fxglassets/textures/particles/smoke.png
22:42:05.721 [FXGL Background Thread 1 ] DEBUG FXGLAssetLoaderServi - Loading from file system: jar:file:/C:/Users/RavindraReddyAmbati/.m2/repository/com/github/almasb/fxgl/11.17/fxgl-11.17.jar!/fxglassets/textures/particles/trace_horizontal.png
22:42:05.783 [FXGL Background Thread 1 ] DEBUG GameApplicationServi - Application scenes initialized
22:42:05.832 [FXGL Background Thread 1 ] DEBUG SystemBundleService  - Loading FXGL system data
22:42:05.841 [FXGL Background Thread 1 ] DEBUG FileSystemAccess     - Reading from: C:\Users\RavindraReddyAmbati\IdeaProjects\mineswepper3\system\fxgl.bundle
22:42:05.852 [FXGL Background Thread 1 ] DEBUG SystemBundleService  - Bundle FXGL: {}
22:42:05.852 [FXGL Background Thread 1 ] DEBUG UpdaterService       - Checking for updates
22:42:05.861 [FXGL Background Thread 4 ] DEBUG FXGLApplication      - Loading fonts
22:42:05.862 [FXGL Background Thread 4 ] DEBUG FXGLAssetLoaderServi - Loading from file system: jar:file:/C:/Users/RavindraReddyAmbati/.m2/repository/com/github/almasb/fxgl/11.17/fxgl-11.17.jar!/fxglassets/ui/fonts/VarelaRound-Regular.ttf
22:42:05.863 [FXGL Background Thread 1 ] DEBUG FXGLApplication      - Loading default localization
22:42:05.865 [FXGL Background Thread 1 ] DEBUG FXGLAssetLoaderServi - Loading from file system: jar:file:/C:/Users/RavindraReddyAmbati/.m2/repository/com/github/almasb/fxgl/11.17/fxgl-11.17.jar!/fxglassets/languages/english.lang
22:42:05.902 [FXGL Background Thread 1 ] INFO  FXGLApplication      - FXGL initialization took: 1.010 sec
22:42:05.904 [JavaFX Application Thread] DEBUG FXGLAssetLoaderServi - Loading from file system: jar:file:/C:/Users/RavindraReddyAmbati/.m2/repository/com/github/almasb/fxgl/11.17/fxgl-11.17.jar!/fxglassets/textures/fxgl_icon.png
22:42:05.941 [JavaFX Application Thread] DEBUG FXGLAssetLoaderServi - Loading from file system: jar:file:/C:/Users/RavindraReddyAmbati/.m2/repository/com/github/almasb/fxgl/11.17/fxgl-11.17.jar!/fxglassets/textures/fxgl_default_cursor.png
22:42:05.981 [JavaFX Application Thread] DEBUG Input                - Registered new binding: Screenshot - CTRL+8
22:42:05.983 [JavaFX Application Thread] DEBUG Input                - Registered new binding: System info dump - CTRL+9
22:42:05.984 [JavaFX Application Thread] DEBUG Input                - Registered new binding: Restart - CTRL+R
22:42:05.986 [JavaFX Application Thread] DEBUG Input                - Registered new binding: Toggle Debug Camera - CTRL+C
22:42:05.990 [JavaFX Application Thread] DEBUG LoopRunner           - Starting loop
22:42:05.990 [JavaFX Application Thread] DEBUG LoopRunner           - Initializing JavaFX AnimationTimerLoop
22:42:05.993 [JavaFX Application Thread] DEBUG GameApplicationServi - Starting new game
22:42:05.994 [JavaFX Application Thread] DEBUG Input                - Clearing active input actions
22:42:06.014 [JavaFX Application Thread] DEBUG GameApplicationServi - Removing overlay from FXGLStartupScene and adding to FXGLLoadingScene
22:42:06.014 [JavaFX Application Thread] DEBUG PrimaryStageWindow   - FXGLStartupScene -> FXGLLoadingScene
22:42:06.014 [JavaFX Application Thread] DEBUG GameApplicationServi - Clearing previous game
22:42:06.015 [JavaFX Application Thread] DEBUG GameScene            - Clearing game scene
22:42:06.015 [JavaFX Application Thread] DEBUG GameWorld            - Clearing game world
22:42:06.015 [JavaFX Application Thread] DEBUG PhysicsWorld         - Clearing physics world
22:42:06.017 [FXGL Background Thread 1 ] DEBUG FXGLApplication      - Initializing game
22:42:06.241 [FXGL Background Thread 1 ] INFO  FXGLApplication      - Game initialization took: 0.225 sec
22:42:06.370 [JavaFX Application Thread] DEBUG Input                - Clearing active input actions
22:42:06.388 [JavaFX Application Thread] DEBUG GameApplicationServi - Removing overlay from FXGLLoadingScene and adding to GameScene
22:42:06.389 [JavaFX Application Thread] DEBUG PrimaryStageWindow   - FXGLLoadingScene -> GameScene
22:42:06.864 [FXGL Background Thread 4 ] DEBUG FXGLAssetLoaderServi - Loading from file system: jar:file:/C:/Users/RavindraReddyAmbati/.m2/repository/com/github/almasb/fxgl/11.17/fxgl-11.17.jar!/fxglassets/ui/fonts/Abel-Regular.ttf
22:42:06.871 [FXGL Background Thread 4 ] DEBUG FXGLAssetLoaderServi - Loading from file system: jar:file:/C:/Users/RavindraReddyAmbati/.m2/repository/com/github/almasb/fxgl/11.17/fxgl-11.17.jar!/fxglassets/ui/fonts/lucida_console.ttf
22:42:06.881 [FXGL Background Thread 4 ] DEBUG FXGLAssetLoaderServi - Loading from file system: jar:file:/C:/Users/RavindraReddyAmbati/.m2/repository/com/github/almasb/fxgl/11.17/fxgl-11.17.jar!/fxglassets/ui/fonts/Courier-Prime.ttf
22:42:06.890 [JavaFX Application Thread] DEBUG FXGLApplication      - Registering font factories with UI factory
22:42:08.770 [FXGL Background Thread 2 ] INFO  UpdaterService       - Your current version:  11.17
22:42:08.770 [FXGL Background Thread 2 ] INFO  UpdaterService       - Latest stable version: 17.1
22:42:08.859 [FXGL Background Thread 3 ] DEBUG Engine               - Logging environment variables
22:42:08.860 [FXGL Background Thread 3 ] DEBUG Engine               - achievements: []
22:42:08.860 [FXGL Background Thread 3 ] DEBUG Engine               - actualHeight: 600.0
22:42:08.860 [FXGL Background Thread 3 ] DEBUG Engine               - actualHeightProperty: ReadOnlyDoubleProperty [value: 600.0]
22:42:08.861 [FXGL Background Thread 3 ] DEBUG Engine               - actualWidth: 800.0
22:42:08.861 [FXGL Background Thread 3 ] DEBUG Engine               - actualWidthProperty: ReadOnlyDoubleProperty [value: 800.0]
22:42:08.861 [FXGL Background Thread 3 ] DEBUG Engine               - appIcon: fxgl_icon.png
22:42:08.861 [FXGL Background Thread 3 ] DEBUG Engine               - applicationMode: DEVELOPER
22:42:08.861 [FXGL Background Thread 3 ] DEBUG Engine               - cSSList: [fxgl_dark.css]
22:42:08.861 [FXGL Background Thread 3 ] DEBUG Engine               - collisionDetectionStrategy: BRUTE_FORCE
22:42:08.861 [FXGL Background Thread 3 ] DEBUG Engine               - configClass: Optional.empty
22:42:08.862 [FXGL Background Thread 3 ] DEBUG Engine               - credits: []
22:42:08.862 [FXGL Background Thread 3 ] DEBUG Engine               - defaultCursor: CursorInfo(imageName=fxgl_default_cursor.png, hotspotX=7.0, hotspotY=6.0)
22:42:08.862 [FXGL Background Thread 3 ] DEBUG Engine               - devBBoxColorProperty: ObjectProperty [value: 0xff0000ff]
22:42:08.863 [FXGL Background Thread 3 ] DEBUG Engine               - devEnableDebugCameraProperty: BooleanProperty [value: false]
22:42:08.863 [FXGL Background Thread 3 ] DEBUG Engine               - devSensorColorProperty: ObjectProperty [value: 0xffff00ff]
22:42:08.863 [FXGL Background Thread 3 ] DEBUG Engine               - devShowBBoxProperty: BooleanProperty [value: false]
22:42:08.863 [FXGL Background Thread 3 ] DEBUG Engine               - devShowPositionProperty: BooleanProperty [value: false]
22:42:08.863 [FXGL Background Thread 3 ] DEBUG Engine               - enabledMenuItems: []
22:42:08.863 [FXGL Background Thread 3 ] DEBUG Engine               - engineServices: [class com.almasb.fxgl.app.services.FXGLAssetLoaderService, class com.almasb.fxgl.app.FXGLApplication$GameApplicationService, class com.almasb.fxgl.app.services.FXGLDialogService, class com.almasb.fxgl.app.services.IOTaskExecutorService, class com.almasb.fxgl.io.FileSystemService, class com.almasb.fxgl.localization.LocalizationService, class com.almasb.fxgl.app.services.SystemBundleService, class com.almasb.fxgl.profile.SaveLoadService, class com.almasb.fxgl.ui.FXGLUIFactoryServiceProvider, class com.almasb.fxgl.ui.FXGLDialogFactoryServiceProvider, class com.almasb.fxgl.audio.AudioPlayer, class com.almasb.fxgl.notification.impl.NotificationServiceProvider, class com.almasb.fxgl.achievement.AchievementService, class com.almasb.fxgl.cutscene.CutsceneService, class com.almasb.fxgl.minigames.MiniGameService, class com.almasb.fxgl.net.NetService, class com.almasb.fxgl.app.services.UpdaterService, class com.almasb.fxgl.dev.DevService]
22:42:08.863 [FXGL Background Thread 3 ] DEBUG Engine               - fontGame: Abel-Regular.ttf
22:42:08.864 [FXGL Background Thread 3 ] DEBUG Engine               - fontMono: lucida_console.ttf
22:42:08.864 [FXGL Background Thread 3 ] DEBUG Engine               - fontText: Courier-Prime.ttf
22:42:08.864 [FXGL Background Thread 3 ] DEBUG Engine               - fontUI: VarelaRound-Regular.ttf
22:42:08.864 [FXGL Background Thread 3 ] DEBUG Engine               - fullScreen: BooleanProperty [value: false]
22:42:08.864 [FXGL Background Thread 3 ] DEBUG Engine               - gameDifficulty: MEDIUM
22:42:08.865 [FXGL Background Thread 3 ] DEBUG Engine               - gameDifficultyProperty: ObjectProperty [value: MEDIUM]
22:42:08.865 [FXGL Background Thread 3 ] DEBUG Engine               - globalMusicVolume: 0.5
22:42:08.865 [FXGL Background Thread 3 ] DEBUG Engine               - globalMusicVolumeProperty: DoubleProperty [value: 0.5]
22:42:08.865 [FXGL Background Thread 3 ] DEBUG Engine               - globalSoundVolume: 0.5
22:42:08.866 [FXGL Background Thread 3 ] DEBUG Engine               - globalSoundVolumeProperty: DoubleProperty [value: 0.5]
22:42:08.866 [FXGL Background Thread 3 ] DEBUG Engine               - height: 600
22:42:08.866 [FXGL Background Thread 3 ] DEBUG Engine               - is3D: false
22:42:08.866 [FXGL Background Thread 3 ] DEBUG Engine               - isAndroid: false
22:42:08.866 [FXGL Background Thread 3 ] DEBUG Engine               - isBrowser: false
22:42:08.866 [FXGL Background Thread 3 ] DEBUG Engine               - isClickFeedbackEnabled: false
22:42:08.866 [FXGL Background Thread 3 ] DEBUG Engine               - isCloseConfirmation: false
22:42:08.866 [FXGL Background Thread 3 ] DEBUG Engine               - isDesktop: true
22:42:08.867 [FXGL Background Thread 3 ] DEBUG Engine               - isDeveloperMenuEnabled: false
22:42:08.868 [FXGL Background Thread 3 ] DEBUG Engine               - isEntityPreloadEnabled: true
22:42:08.868 [FXGL Background Thread 3 ] DEBUG Engine               - isExperimentalTiledLargeMap: false
22:42:08.868 [FXGL Background Thread 3 ] DEBUG Engine               - isFileSystemWriteAllowed: true
22:42:08.868 [FXGL Background Thread 3 ] DEBUG Engine               - isFullScreenAllowed: false
22:42:08.868 [FXGL Background Thread 3 ] DEBUG Engine               - isFullScreenFromStart: false
22:42:08.868 [FXGL Background Thread 3 ] DEBUG Engine               - isGameMenuEnabled: true
22:42:08.868 [FXGL Background Thread 3 ] DEBUG Engine               - isIOS: false
22:42:08.868 [FXGL Background Thread 3 ] DEBUG Engine               - isIntroEnabled: false
22:42:08.868 [FXGL Background Thread 3 ] DEBUG Engine               - isLinux: false
22:42:08.868 [FXGL Background Thread 3 ] DEBUG Engine               - isMac: false
22:42:08.868 [FXGL Background Thread 3 ] DEBUG Engine               - isMainMenuEnabled: false
22:42:08.868 [FXGL Background Thread 3 ] DEBUG Engine               - isManualResizeEnabled: false
22:42:08.868 [FXGL Background Thread 3 ] DEBUG Engine               - isMobile: false
22:42:08.869 [FXGL Background Thread 3 ] DEBUG Engine               - isNative: false
22:42:08.869 [FXGL Background Thread 3 ] DEBUG Engine               - isPauseMusicWhenMinimized: true
22:42:08.869 [FXGL Background Thread 3 ] DEBUG Engine               - isPreserveResizeRatio: false
22:42:08.869 [FXGL Background Thread 3 ] DEBUG Engine               - isProfilingEnabled: false
22:42:08.869 [FXGL Background Thread 3 ] DEBUG Engine               - isScaleAffectedOnResize: true
22:42:08.869 [FXGL Background Thread 3 ] DEBUG Engine               - isSingleStep: false
22:42:08.870 [FXGL Background Thread 3 ] DEBUG Engine               - isUserProfileEnabled: false
22:42:08.870 [FXGL Background Thread 3 ] DEBUG Engine               - isWindows: true
22:42:08.870 [FXGL Background Thread 3 ] DEBUG Engine               - language: ObjectProperty [value: ENGLISH]
22:42:08.870 [FXGL Background Thread 3 ] DEBUG Engine               - menuKey: ESCAPE
22:42:08.870 [FXGL Background Thread 3 ] DEBUG Engine               - mouseSensitivity: 0.2
22:42:08.870 [FXGL Background Thread 3 ] DEBUG Engine               - notificationViewClass: class com.almasb.fxgl.notification.view.XboxNotificationView
22:42:08.870 [FXGL Background Thread 3 ] DEBUG Engine               - pixelsPerMeter: 50.0
22:42:08.870 [FXGL Background Thread 3 ] DEBUG Engine               - platform: WINDOWS
22:42:08.871 [FXGL Background Thread 3 ] DEBUG Engine               - prefHeightProperty: ReadOnlyDoubleProperty [value: 600.0]
22:42:08.871 [FXGL Background Thread 3 ] DEBUG Engine               - prefWidthProperty: ReadOnlyDoubleProperty [value: 800.0]
22:42:08.871 [FXGL Background Thread 3 ] DEBUG Engine               - profileDir: profiles/
22:42:08.871 [FXGL Background Thread 3 ] DEBUG Engine               - profileName: StringProperty [value: DEFAULT]
22:42:08.871 [FXGL Background Thread 3 ] DEBUG Engine               - randomSeed: -1
22:42:08.871 [FXGL Background Thread 3 ] DEBUG Engine               - runtimeInfo: RuntimeInfo(platform=WINDOWS, version=11.17, build=16.07.2021 15.46)
22:42:08.871 [FXGL Background Thread 3 ] DEBUG Engine               - saveFileExt: sav
22:42:08.872 [FXGL Background Thread 3 ] DEBUG Engine               - scaledHeightProp$fxgl: DoubleProperty [bound, value: 600.0]
22:42:08.872 [FXGL Background Thread 3 ] DEBUG Engine               - scaledWidthProp$fxgl: DoubleProperty [bound, value: 800.0]
22:42:08.872 [FXGL Background Thread 3 ] DEBUG Engine               - sceneFactory: com.almasb.fxgl.app.scene.SceneFactory@65099944
22:42:08.872 [FXGL Background Thread 3 ] DEBUG Engine               - secondsIn24h: 60
22:42:08.872 [FXGL Background Thread 3 ] DEBUG Engine               - soundMenuBack: menu/back.wav
22:42:08.872 [FXGL Background Thread 3 ] DEBUG Engine               - soundMenuPress: menu/press.wav
22:42:08.872 [FXGL Background Thread 3 ] DEBUG Engine               - soundMenuSelect: menu/select.wav
22:42:08.872 [FXGL Background Thread 3 ] DEBUG Engine               - soundNotification: core/notification.wav
22:42:08.873 [FXGL Background Thread 3 ] DEBUG Engine               - stageStyle: DECORATED
22:42:08.873 [FXGL Background Thread 3 ] DEBUG Engine               - supportedLanguages: [ENGLISH, FRENCH, GERMAN, HUNGARIAN, RUSSIAN]
22:42:08.873 [FXGL Background Thread 3 ] DEBUG Engine               - ticksPerSecond: -1
22:42:08.873 [FXGL Background Thread 3 ] DEBUG Engine               - title: Untitled
22:42:08.873 [FXGL Background Thread 3 ] DEBUG Engine               - urlGithub: https://github.com/AlmasB/FXGL
22:42:08.873 [FXGL Background Thread 3 ] DEBUG Engine               - urlLeaderboard: http://fxgl-top.herokuapp.com/
22:42:08.873 [FXGL Background Thread 3 ] DEBUG Engine               - urlPOM: https://raw.githubusercontent.com/AlmasB/FXGL/release/README.md
22:42:08.873 [FXGL Background Thread 3 ] DEBUG Engine               - userAppClass: class Minesweeper
22:42:08.874 [FXGL Background Thread 3 ] DEBUG Engine               - version: 0.0
22:42:08.874 [FXGL Background Thread 3 ] DEBUG Engine               - versionCheckDays: 7
22:42:08.874 [FXGL Background Thread 3 ] DEBUG Engine               - width: 800
22:42:08.874 [FXGL Background Thread 3 ] DEBUG Engine               - Logging services
22:42:08.874 [FXGL Background Thread 3 ] DEBUG Engine               - class com.almasb.fxgl.app.services.FXGLAssetLoaderService
22:42:08.874 [FXGL Background Thread 3 ] DEBUG Engine               - class com.almasb.fxgl.app.FXGLApplication$GameApplicationService
22:42:08.875 [FXGL Background Thread 3 ] DEBUG Engine               - class com.almasb.fxgl.app.services.FXGLDialogService
22:42:08.875 [FXGL Background Thread 3 ] DEBUG Engine               - class com.almasb.fxgl.app.services.IOTaskExecutorService
22:42:08.875 [FXGL Background Thread 3 ] DEBUG Engine               - class com.almasb.fxgl.io.FileSystemService
22:42:08.875 [FXGL Background Thread 3 ] DEBUG Engine               - class com.almasb.fxgl.localization.LocalizationService
22:42:08.875 [FXGL Background Thread 3 ] DEBUG Engine               - class com.almasb.fxgl.app.services.SystemBundleService
22:42:08.875 [FXGL Background Thread 3 ] DEBUG Engine               - class com.almasb.fxgl.profile.SaveLoadService
22:42:08.875 [FXGL Background Thread 3 ] DEBUG Engine               - class com.almasb.fxgl.ui.FXGLUIFactoryServiceProvider
22:42:08.875 [FXGL Background Thread 3 ] DEBUG Engine               - class com.almasb.fxgl.ui.FXGLDialogFactoryServiceProvider
22:42:08.875 [FXGL Background Thread 3 ] DEBUG Engine               - class com.almasb.fxgl.audio.AudioPlayer
22:42:08.876 [FXGL Background Thread 3 ] DEBUG Engine               - class com.almasb.fxgl.notification.impl.NotificationServiceProvider
22:42:08.876 [FXGL Background Thread 3 ] DEBUG Engine               - class com.almasb.fxgl.achievement.AchievementService
22:42:08.876 [FXGL Background Thread 3 ] DEBUG Engine               - class com.almasb.fxgl.cutscene.CutsceneService
22:42:08.876 [FXGL Background Thread 3 ] DEBUG Engine               - class com.almasb.fxgl.minigames.MiniGameService
22:42:08.876 [FXGL Background Thread 3 ] DEBUG Engine               - class com.almasb.fxgl.net.NetService
22:42:08.876 [FXGL Background Thread 3 ] DEBUG Engine               - class com.almasb.fxgl.app.services.UpdaterService
22:42:08.876 [FXGL Background Thread 3 ] DEBUG Engine               - class com.almasb.fxgl.dev.DevService
22:42:15.451 [JavaFX Application Thread] WARN  FXGLAssetLoaderServi - Asset "/assets/textures/mine.png" was not found!
22:42:15.452 [JavaFX Application Thread] WARN  FXGLAssetLoaderServi - Failed to load IMAGE
22:42:23.581 [JavaFX Application Thread] WARN  FXGLAssetLoaderServi - Asset "/assets/textures/mine.png" was not found!
22:42:23.581 [JavaFX Application Thread] WARN  FXGLAssetLoaderServi - Failed to load IMAGE
22:42:25.477 [JavaFX Application Thread] WARN  FXGLAssetLoaderServi - Asset "/assets/textures/mine.png" was not found!
22:42:25.477 [JavaFX Application Thread] WARN  FXGLAssetLoaderServi - Failed to load IMAGE
22:42:26.424 [JavaFX Application Thread] WARN  FXGLAssetLoaderServi - Asset "/assets/textures/mine.png" was not found!
22:42:26.425 [JavaFX Application Thread] WARN  FXGLAssetLoaderServi - Failed to load IMAGE
22:42:29.181 [JavaFX Application Thread] WARN  FXGLAssetLoaderServi - Asset "/assets/textures/mine.png" was not found!
22:42:29.181 [JavaFX Application Thread] WARN  FXGLAssetLoaderServi - Failed to load IMAGE
22:43:01.052 [JavaFX Application Thread] DEBUG LoopRunner           - Pausing loop
22:44:09.686 [JavaFX Application Thread] DEBUG LoopRunner           - Resuming loop
22:44:11.454 [JavaFX Application Thread] DEBUG FXGLApplication      - Exiting FXGL
22:44:11.455 [JavaFX Application Thread] DEBUG LoopRunner           - Stopping loop
22:44:11.455 [JavaFX Application Thread] DEBUG SystemBundleService  - Saving FXGL system data
22:44:11.458 [JavaFX Application Thread] DEBUG FileSystemAccess     - Writing to: C:\Users\RavindraReddyAmbati\IdeaProjects\mineswepper3\system\fxgl.bundle
22:44:11.462 [JavaFX Application Thread] DEBUG Async                - Shutting down background threads
22:44:11.462 [JavaFX Application Thread] DEBUG PrimaryStageWindow   - Closing main window
22:44:11.483 [JavaFX Application Thread] DEBUG Logger               - Closing Logger
