22:46:14.509 [main                     ] DEBUG Logger               - Configured Logger
22:46:14.563 [main                     ] DEBUG GameApplication      - Logging settings
Title: Untitled
Version: 0.0
Width: 800
Height: 600
Fullscreen: false
Intro: false
Profiling: false
Single step:false
App Mode: DEVELOPER
Menu Key: ESCAPE
Stage Style: DECORATED
Scene Factory: class com.almasb.fxgl.app.scene.SceneFactory

22:46:15.744 [JavaFX Application Thread] DEBUG FXGLApplication      - Initializing FXGL
22:46:15.749 [JavaFX Application Thread] INFO  Engine               - FXGL-11.17 (16.07.2021 15.46) on WINDOWS (J:11.0.13 FX:16)
22:46:15.750 [JavaFX Application Thread] DEBUG Engine               - JRE Vendor Name: Oracle Corporation
22:46:15.750 [JavaFX Application Thread] DEBUG Engine               - Running on OS: Windows 10 version 10.0
22:46:15.750 [JavaFX Application Thread] DEBUG Engine               - Architecture: amd64
22:46:15.751 [JavaFX Application Thread] INFO  Engine               - Source code and latest versions at: https://github.com/AlmasB/FXGL
22:46:15.752 [JavaFX Application Thread] INFO  Engine               -              Join the FXGL chat at: https://gitter.im/AlmasB/FXGL
22:46:16.056 [JavaFX Application Thread] DEBUG PrimaryStageWindow   - Creating a JavaFX scene
22:46:16.197 [JavaFX Application Thread] DEBUG PrimaryStageWindow   - Target settings size: 800.0 x 600.0
22:46:16.199 [JavaFX Application Thread] DEBUG PrimaryStageWindow   - Scaled scene size:    800.0 x 600.0
22:46:16.199 [JavaFX Application Thread] DEBUG PrimaryStageWindow   - Scaled ratio: (1.0, 1.0)
22:46:16.201 [JavaFX Application Thread] DEBUG PrimaryStageWindow   - Set initial scene to FXGLStartupScene
22:46:16.222 [JavaFX Application Thread] DEBUG PrimaryStageWindow   - Opening main window
22:46:16.383 [JavaFX Application Thread] DEBUG PrimaryStageWindow   - Window border size: (14.4000244140625, 37.5999755859375)
22:46:16.383 [JavaFX Application Thread] DEBUG PrimaryStageWindow   - Scaled size: 800.0 x 600.0
22:46:16.384 [JavaFX Application Thread] DEBUG PrimaryStageWindow   - Scaled ratio: (1.0, 1.0)
22:46:16.384 [JavaFX Application Thread] DEBUG PrimaryStageWindow   - Scene size: 800.0 x 600.0
22:46:16.384 [JavaFX Application Thread] DEBUG PrimaryStageWindow   - Stage size: 814.4000244140625 x 637.5999755859375
22:46:16.457 [FXGL Background Thread 1 ] DEBUG Engine               - Initializing environment variables
22:46:16.598 [FXGL Background Thread 1 ] DEBUG FXGLAssetLoaderServi - User app class for loading assets: class Minesweeper
22:46:16.598 [FXGL Background Thread 1 ] DEBUG GameApplicationServi - Applying CSS: fxgl_dark.css
22:46:16.600 [FXGL Background Thread 1 ] DEBUG FXGLAssetLoaderServi - Loading from file system: jar:file:/C:/Users/RavindraReddyAmbati/.m2/repository/com/github/almasb/fxgl/11.17/fxgl-11.17.jar!/fxglassets/ui/css/fxgl_dark.css
22:46:16.721 [FXGL Background Thread 1 ] DEBUG GameApplicationServi - Initializing application scenes
22:46:16.917 [FXGL Background Thread 1 ] DEBUG GameWorld            - Game world initialized
22:46:17.060 [FXGL Background Thread 1 ] DEBUG PhysicsWorld         - Physics world initialized: appHeight=600, physics.ppm=50.0
22:46:17.061 [FXGL Background Thread 1 ] DEBUG PhysicsWorld         - Using strategy: BRUTE_FORCE
22:46:17.066 [FXGL Background Thread 1 ] DEBUG GameScene            - Game scene initialized: 800x600
22:46:17.094 [FXGL Background Thread 1 ] DEBUG FXGL.DefaultMenu     - createMenuBodyGameMenu()
22:46:17.134 [FXGL Background Thread 1 ] DEBUG FXGL.DefaultMenu     - createOptionsMenu()
22:46:17.154 [FXGL Background Thread 1 ] DEBUG FXGLAssetLoaderServi - Loading from file system: jar:file:/C:/Users/RavindraReddyAmbati/.m2/repository/com/github/almasb/fxgl/11.17/fxgl-11.17.jar!/fxglassets/textures/particles/smoke.png
22:46:17.358 [FXGL Background Thread 1 ] DEBUG FXGLAssetLoaderServi - Loading from file system: jar:file:/C:/Users/RavindraReddyAmbati/.m2/repository/com/github/almasb/fxgl/11.17/fxgl-11.17.jar!/fxglassets/textures/particles/trace_horizontal.png
22:46:17.511 [FXGL Background Thread 1 ] DEBUG GameApplicationServi - Application scenes initialized
22:46:17.537 [FXGL Background Thread 1 ] DEBUG SystemBundleService  - Loading FXGL system data
22:46:17.545 [FXGL Background Thread 1 ] DEBUG FileSystemAccess     - Reading from: C:\Users\RavindraReddyAmbati\IdeaProjects\mineswepper3\system\fxgl.bundle
22:46:17.556 [FXGL Background Thread 1 ] DEBUG SystemBundleService  - Bundle FXGL: {}
22:46:17.557 [FXGL Background Thread 1 ] DEBUG UpdaterService       - Checking for updates
22:46:17.566 [FXGL Background Thread 1 ] DEBUG FXGLApplication      - Loading default localization
22:46:17.566 [FXGL Background Thread 4 ] DEBUG FXGLApplication      - Loading fonts
22:46:17.567 [FXGL Background Thread 1 ] DEBUG FXGLAssetLoaderServi - Loading from file system: jar:file:/C:/Users/RavindraReddyAmbati/.m2/repository/com/github/almasb/fxgl/11.17/fxgl-11.17.jar!/fxglassets/languages/english.lang
22:46:17.567 [FXGL Background Thread 4 ] DEBUG FXGLAssetLoaderServi - Loading from file system: jar:file:/C:/Users/RavindraReddyAmbati/.m2/repository/com/github/almasb/fxgl/11.17/fxgl-11.17.jar!/fxglassets/ui/fonts/VarelaRound-Regular.ttf
22:46:17.599 [FXGL Background Thread 1 ] INFO  FXGLApplication      - FXGL initialization took: 1.142 sec
22:46:17.601 [JavaFX Application Thread] DEBUG FXGLAssetLoaderServi - Loading from file system: jar:file:/C:/Users/RavindraReddyAmbati/.m2/repository/com/github/almasb/fxgl/11.17/fxgl-11.17.jar!/fxglassets/textures/fxgl_icon.png
22:46:17.676 [JavaFX Application Thread] DEBUG FXGLAssetLoaderServi - Loading from file system: jar:file:/C:/Users/RavindraReddyAmbati/.m2/repository/com/github/almasb/fxgl/11.17/fxgl-11.17.jar!/fxglassets/textures/fxgl_default_cursor.png
22:46:17.714 [JavaFX Application Thread] DEBUG Input                - Registered new binding: Screenshot - CTRL+8
22:46:17.715 [JavaFX Application Thread] DEBUG Input                - Registered new binding: System info dump - CTRL+9
22:46:17.716 [JavaFX Application Thread] DEBUG Input                - Registered new binding: Restart - CTRL+R
22:46:17.717 [JavaFX Application Thread] DEBUG Input                - Registered new binding: Toggle Debug Camera - CTRL+C
22:46:17.721 [JavaFX Application Thread] DEBUG LoopRunner           - Starting loop
22:46:17.722 [JavaFX Application Thread] DEBUG LoopRunner           - Initializing JavaFX AnimationTimerLoop
22:46:17.728 [JavaFX Application Thread] DEBUG GameApplicationServi - Starting new game
22:46:17.729 [JavaFX Application Thread] DEBUG Input                - Clearing active input actions
22:46:17.759 [JavaFX Application Thread] DEBUG GameApplicationServi - Removing overlay from FXGLStartupScene and adding to FXGLLoadingScene
22:46:17.760 [JavaFX Application Thread] DEBUG PrimaryStageWindow   - FXGLStartupScene -> FXGLLoadingScene
22:46:17.760 [JavaFX Application Thread] DEBUG GameApplicationServi - Clearing previous game
22:46:17.760 [JavaFX Application Thread] DEBUG GameScene            - Clearing game scene
22:46:17.761 [JavaFX Application Thread] DEBUG GameWorld            - Clearing game world
22:46:17.761 [JavaFX Application Thread] DEBUG PhysicsWorld         - Clearing physics world
22:46:17.763 [FXGL Background Thread 1 ] DEBUG FXGLApplication      - Initializing game
22:46:17.966 [FXGL Background Thread 1 ] INFO  FXGLApplication      - Game initialization took: 0.203 sec
22:46:18.036 [JavaFX Application Thread] DEBUG Input                - Clearing active input actions
22:46:18.056 [JavaFX Application Thread] DEBUG GameApplicationServi - Removing overlay from FXGLLoadingScene and adding to GameScene
22:46:18.057 [JavaFX Application Thread] DEBUG PrimaryStageWindow   - FXGLLoadingScene -> GameScene
22:46:18.352 [FXGL Background Thread 4 ] DEBUG FXGLAssetLoaderServi - Loading from file system: jar:file:/C:/Users/RavindraReddyAmbati/.m2/repository/com/github/almasb/fxgl/11.17/fxgl-11.17.jar!/fxglassets/ui/fonts/Abel-Regular.ttf
22:46:18.358 [FXGL Background Thread 4 ] DEBUG FXGLAssetLoaderServi - Loading from file system: jar:file:/C:/Users/RavindraReddyAmbati/.m2/repository/com/github/almasb/fxgl/11.17/fxgl-11.17.jar!/fxglassets/ui/fonts/lucida_console.ttf
22:46:18.368 [FXGL Background Thread 4 ] DEBUG FXGLAssetLoaderServi - Loading from file system: jar:file:/C:/Users/RavindraReddyAmbati/.m2/repository/com/github/almasb/fxgl/11.17/fxgl-11.17.jar!/fxglassets/ui/fonts/Courier-Prime.ttf
22:46:18.384 [JavaFX Application Thread] DEBUG FXGLApplication      - Registering font factories with UI factory
22:46:18.817 [FXGL Background Thread 2 ] INFO  UpdaterService       - Your current version:  11.17
22:46:18.817 [FXGL Background Thread 2 ] INFO  UpdaterService       - Latest stable version: 17.1
22:46:19.679 [JavaFX Application Thread] DEBUG FXGLAssetLoaderServi - Loading from file system: file:/C:/Users/RavindraReddyAmbati/IdeaProjects/mineswepper3/target/classes/assets/textures/mine.png
22:46:20.563 [FXGL Background Thread 3 ] DEBUG Engine               - Logging environment variables
22:46:20.566 [FXGL Background Thread 3 ] DEBUG Engine               - achievements: []
22:46:20.567 [FXGL Background Thread 3 ] DEBUG Engine               - actualHeight: 600.0
22:46:20.568 [FXGL Background Thread 3 ] DEBUG Engine               - actualHeightProperty: ReadOnlyDoubleProperty [value: 600.0]
22:46:20.569 [FXGL Background Thread 3 ] DEBUG Engine               - actualWidth: 800.0
22:46:20.569 [FXGL Background Thread 3 ] DEBUG Engine               - actualWidthProperty: ReadOnlyDoubleProperty [value: 800.0]
22:46:20.570 [FXGL Background Thread 3 ] DEBUG Engine               - appIcon: fxgl_icon.png
22:46:20.570 [FXGL Background Thread 3 ] DEBUG Engine               - applicationMode: DEVELOPER
22:46:20.571 [FXGL Background Thread 3 ] DEBUG Engine               - cSSList: [fxgl_dark.css]
22:46:20.571 [FXGL Background Thread 3 ] DEBUG Engine               - collisionDetectionStrategy: BRUTE_FORCE
22:46:20.571 [FXGL Background Thread 3 ] DEBUG Engine               - configClass: Optional.empty
22:46:20.572 [FXGL Background Thread 3 ] DEBUG Engine               - credits: []
22:46:20.573 [FXGL Background Thread 3 ] DEBUG Engine               - defaultCursor: CursorInfo(imageName=fxgl_default_cursor.png, hotspotX=7.0, hotspotY=6.0)
22:46:20.574 [FXGL Background Thread 3 ] DEBUG Engine               - devBBoxColorProperty: ObjectProperty [value: 0xff0000ff]
22:46:20.575 [FXGL Background Thread 3 ] DEBUG Engine               - devEnableDebugCameraProperty: BooleanProperty [value: false]
22:46:20.576 [FXGL Background Thread 3 ] DEBUG Engine               - devSensorColorProperty: ObjectProperty [value: 0xffff00ff]
22:46:20.576 [FXGL Background Thread 3 ] DEBUG Engine               - devShowBBoxProperty: BooleanProperty [value: false]
22:46:20.576 [FXGL Background Thread 3 ] DEBUG Engine               - devShowPositionProperty: BooleanProperty [value: false]
22:46:20.577 [FXGL Background Thread 3 ] DEBUG Engine               - enabledMenuItems: []
22:46:20.577 [FXGL Background Thread 3 ] DEBUG Engine               - engineServices: [class com.almasb.fxgl.app.services.FXGLAssetLoaderService, class com.almasb.fxgl.app.FXGLApplication$GameApplicationService, class com.almasb.fxgl.app.services.FXGLDialogService, class com.almasb.fxgl.app.services.IOTaskExecutorService, class com.almasb.fxgl.io.FileSystemService, class com.almasb.fxgl.localization.LocalizationService, class com.almasb.fxgl.app.services.SystemBundleService, class com.almasb.fxgl.profile.SaveLoadService, class com.almasb.fxgl.ui.FXGLUIFactoryServiceProvider, class com.almasb.fxgl.ui.FXGLDialogFactoryServiceProvider, class com.almasb.fxgl.audio.AudioPlayer, class com.almasb.fxgl.notification.impl.NotificationServiceProvider, class com.almasb.fxgl.achievement.AchievementService, class com.almasb.fxgl.cutscene.CutsceneService, class com.almasb.fxgl.minigames.MiniGameService, class com.almasb.fxgl.net.NetService, class com.almasb.fxgl.app.services.UpdaterService, class com.almasb.fxgl.dev.DevService]
22:46:20.578 [FXGL Background Thread 3 ] DEBUG Engine               - fontGame: Abel-Regular.ttf
22:46:20.578 [FXGL Background Thread 3 ] DEBUG Engine               - fontMono: lucida_console.ttf
22:46:20.578 [FXGL Background Thread 3 ] DEBUG Engine               - fontText: Courier-Prime.ttf
22:46:20.579 [FXGL Background Thread 3 ] DEBUG Engine               - fontUI: VarelaRound-Regular.ttf
22:46:20.579 [FXGL Background Thread 3 ] DEBUG Engine               - fullScreen: BooleanProperty [value: false]
22:46:20.579 [FXGL Background Thread 3 ] DEBUG Engine               - gameDifficulty: MEDIUM
22:46:20.580 [FXGL Background Thread 3 ] DEBUG Engine               - gameDifficultyProperty: ObjectProperty [value: MEDIUM]
22:46:20.580 [FXGL Background Thread 3 ] DEBUG Engine               - globalMusicVolume: 0.5
22:46:20.581 [FXGL Background Thread 3 ] DEBUG Engine               - globalMusicVolumeProperty: DoubleProperty [value: 0.5]
22:46:20.582 [FXGL Background Thread 3 ] DEBUG Engine               - globalSoundVolume: 0.5
22:46:20.582 [FXGL Background Thread 3 ] DEBUG Engine               - globalSoundVolumeProperty: DoubleProperty [value: 0.5]
22:46:20.583 [FXGL Background Thread 3 ] DEBUG Engine               - height: 600
22:46:20.583 [FXGL Background Thread 3 ] DEBUG Engine               - is3D: false
22:46:20.583 [FXGL Background Thread 3 ] DEBUG Engine               - isAndroid: false
22:46:20.584 [FXGL Background Thread 3 ] DEBUG Engine               - isBrowser: false
22:46:20.584 [FXGL Background Thread 3 ] DEBUG Engine               - isClickFeedbackEnabled: false
22:46:20.584 [FXGL Background Thread 3 ] DEBUG Engine               - isCloseConfirmation: false
22:46:20.584 [FXGL Background Thread 3 ] DEBUG Engine               - isDesktop: true
22:46:20.585 [FXGL Background Thread 3 ] DEBUG Engine               - isDeveloperMenuEnabled: false
22:46:20.585 [FXGL Background Thread 3 ] DEBUG Engine               - isEntityPreloadEnabled: true
22:46:20.585 [FXGL Background Thread 3 ] DEBUG Engine               - isExperimentalTiledLargeMap: false
22:46:20.585 [FXGL Background Thread 3 ] DEBUG Engine               - isFileSystemWriteAllowed: true
22:46:20.585 [FXGL Background Thread 3 ] DEBUG Engine               - isFullScreenAllowed: false
22:46:20.586 [FXGL Background Thread 3 ] DEBUG Engine               - isFullScreenFromStart: false
22:46:20.586 [FXGL Background Thread 3 ] DEBUG Engine               - isGameMenuEnabled: true
22:46:20.586 [FXGL Background Thread 3 ] DEBUG Engine               - isIOS: false
22:46:20.587 [FXGL Background Thread 3 ] DEBUG Engine               - isIntroEnabled: false
22:46:20.587 [FXGL Background Thread 3 ] DEBUG Engine               - isLinux: false
22:46:20.587 [FXGL Background Thread 3 ] DEBUG Engine               - isMac: false
22:46:20.587 [FXGL Background Thread 3 ] DEBUG Engine               - isMainMenuEnabled: false
22:46:20.588 [FXGL Background Thread 3 ] DEBUG Engine               - isManualResizeEnabled: false
22:46:20.588 [FXGL Background Thread 3 ] DEBUG Engine               - isMobile: false
22:46:20.588 [FXGL Background Thread 3 ] DEBUG Engine               - isNative: false
22:46:20.589 [FXGL Background Thread 3 ] DEBUG Engine               - isPauseMusicWhenMinimized: true
22:46:20.589 [FXGL Background Thread 3 ] DEBUG Engine               - isPreserveResizeRatio: false
22:46:20.589 [FXGL Background Thread 3 ] DEBUG Engine               - isProfilingEnabled: false
22:46:20.590 [FXGL Background Thread 3 ] DEBUG Engine               - isScaleAffectedOnResize: true
22:46:20.590 [FXGL Background Thread 3 ] DEBUG Engine               - isSingleStep: false
22:46:20.590 [FXGL Background Thread 3 ] DEBUG Engine               - isUserProfileEnabled: false
22:46:20.591 [FXGL Background Thread 3 ] DEBUG Engine               - isWindows: true
22:46:20.591 [FXGL Background Thread 3 ] DEBUG Engine               - language: ObjectProperty [value: ENGLISH]
22:46:20.591 [FXGL Background Thread 3 ] DEBUG Engine               - menuKey: ESCAPE
22:46:20.591 [FXGL Background Thread 3 ] DEBUG Engine               - mouseSensitivity: 0.2
22:46:20.592 [FXGL Background Thread 3 ] DEBUG Engine               - notificationViewClass: class com.almasb.fxgl.notification.view.XboxNotificationView
22:46:20.592 [FXGL Background Thread 3 ] DEBUG Engine               - pixelsPerMeter: 50.0
22:46:20.592 [FXGL Background Thread 3 ] DEBUG Engine               - platform: WINDOWS
22:46:20.593 [FXGL Background Thread 3 ] DEBUG Engine               - prefHeightProperty: ReadOnlyDoubleProperty [value: 600.0]
22:46:20.593 [FXGL Background Thread 3 ] DEBUG Engine               - prefWidthProperty: ReadOnlyDoubleProperty [value: 800.0]
22:46:20.593 [FXGL Background Thread 3 ] DEBUG Engine               - profileDir: profiles/
22:46:20.594 [FXGL Background Thread 3 ] DEBUG Engine               - profileName: StringProperty [value: DEFAULT]
22:46:20.594 [FXGL Background Thread 3 ] DEBUG Engine               - randomSeed: -1
22:46:20.595 [FXGL Background Thread 3 ] DEBUG Engine               - runtimeInfo: RuntimeInfo(platform=WINDOWS, version=11.17, build=16.07.2021 15.46)
22:46:20.595 [FXGL Background Thread 3 ] DEBUG Engine               - saveFileExt: sav
22:46:20.595 [FXGL Background Thread 3 ] DEBUG Engine               - scaledHeightProp$fxgl: DoubleProperty [bound, value: 600.0]
22:46:20.595 [FXGL Background Thread 3 ] DEBUG Engine               - scaledWidthProp$fxgl: DoubleProperty [bound, value: 800.0]
22:46:20.596 [FXGL Background Thread 3 ] DEBUG Engine               - sceneFactory: com.almasb.fxgl.app.scene.SceneFactory@69e5bab1
22:46:20.596 [FXGL Background Thread 3 ] DEBUG Engine               - secondsIn24h: 60
22:46:20.596 [FXGL Background Thread 3 ] DEBUG Engine               - soundMenuBack: menu/back.wav
22:46:20.596 [FXGL Background Thread 3 ] DEBUG Engine               - soundMenuPress: menu/press.wav
22:46:20.597 [FXGL Background Thread 3 ] DEBUG Engine               - soundMenuSelect: menu/select.wav
22:46:20.597 [FXGL Background Thread 3 ] DEBUG Engine               - soundNotification: core/notification.wav
22:46:20.597 [FXGL Background Thread 3 ] DEBUG Engine               - stageStyle: DECORATED
22:46:20.597 [FXGL Background Thread 3 ] DEBUG Engine               - supportedLanguages: [ENGLISH, FRENCH, GERMAN, HUNGARIAN, RUSSIAN]
22:46:20.598 [FXGL Background Thread 3 ] DEBUG Engine               - ticksPerSecond: -1
22:46:20.598 [FXGL Background Thread 3 ] DEBUG Engine               - title: Untitled
22:46:20.598 [FXGL Background Thread 3 ] DEBUG Engine               - urlGithub: https://github.com/AlmasB/FXGL
22:46:20.598 [FXGL Background Thread 3 ] DEBUG Engine               - urlLeaderboard: http://fxgl-top.herokuapp.com/
22:46:20.599 [FXGL Background Thread 3 ] DEBUG Engine               - urlPOM: https://raw.githubusercontent.com/AlmasB/FXGL/release/README.md
22:46:20.599 [FXGL Background Thread 3 ] DEBUG Engine               - userAppClass: class Minesweeper
22:46:20.599 [FXGL Background Thread 3 ] DEBUG Engine               - version: 0.0
22:46:20.600 [FXGL Background Thread 3 ] DEBUG Engine               - versionCheckDays: 7
22:46:20.600 [FXGL Background Thread 3 ] DEBUG Engine               - width: 800
22:46:20.600 [FXGL Background Thread 3 ] DEBUG Engine               - Logging services
22:46:20.600 [FXGL Background Thread 3 ] DEBUG Engine               - class com.almasb.fxgl.app.services.FXGLAssetLoaderService
22:46:20.601 [FXGL Background Thread 3 ] DEBUG Engine               - class com.almasb.fxgl.app.FXGLApplication$GameApplicationService
22:46:20.601 [FXGL Background Thread 3 ] DEBUG Engine               - class com.almasb.fxgl.app.services.FXGLDialogService
22:46:20.601 [FXGL Background Thread 3 ] DEBUG Engine               - class com.almasb.fxgl.app.services.IOTaskExecutorService
22:46:20.601 [FXGL Background Thread 3 ] DEBUG Engine               - class com.almasb.fxgl.io.FileSystemService
22:46:20.602 [FXGL Background Thread 3 ] DEBUG Engine               - class com.almasb.fxgl.localization.LocalizationService
22:46:20.602 [FXGL Background Thread 3 ] DEBUG Engine               - class com.almasb.fxgl.app.services.SystemBundleService
22:46:20.602 [FXGL Background Thread 3 ] DEBUG Engine               - class com.almasb.fxgl.profile.SaveLoadService
22:46:20.603 [FXGL Background Thread 3 ] DEBUG Engine               - class com.almasb.fxgl.ui.FXGLUIFactoryServiceProvider
22:46:20.603 [FXGL Background Thread 3 ] DEBUG Engine               - class com.almasb.fxgl.ui.FXGLDialogFactoryServiceProvider
22:46:20.603 [FXGL Background Thread 3 ] DEBUG Engine               - class com.almasb.fxgl.audio.AudioPlayer
22:46:20.603 [FXGL Background Thread 3 ] DEBUG Engine               - class com.almasb.fxgl.notification.impl.NotificationServiceProvider
22:46:20.603 [FXGL Background Thread 3 ] DEBUG Engine               - class com.almasb.fxgl.achievement.AchievementService
22:46:20.604 [FXGL Background Thread 3 ] DEBUG Engine               - class com.almasb.fxgl.cutscene.CutsceneService
22:46:20.604 [FXGL Background Thread 3 ] DEBUG Engine               - class com.almasb.fxgl.minigames.MiniGameService
22:46:20.604 [FXGL Background Thread 3 ] DEBUG Engine               - class com.almasb.fxgl.net.NetService
22:46:20.605 [FXGL Background Thread 3 ] DEBUG Engine               - class com.almasb.fxgl.app.services.UpdaterService
22:46:20.605 [FXGL Background Thread 3 ] DEBUG Engine               - class com.almasb.fxgl.dev.DevService
22:46:28.975 [JavaFX Application Thread] DEBUG FXGLApplication      - Exiting FXGL
22:46:28.975 [JavaFX Application Thread] DEBUG LoopRunner           - Stopping loop
22:46:28.975 [JavaFX Application Thread] DEBUG SystemBundleService  - Saving FXGL system data
22:46:28.978 [JavaFX Application Thread] DEBUG FileSystemAccess     - Writing to: C:\Users\RavindraReddyAmbati\IdeaProjects\mineswepper3\system\fxgl.bundle
22:46:28.981 [JavaFX Application Thread] DEBUG Async                - Shutting down background threads
22:46:28.981 [JavaFX Application Thread] DEBUG PrimaryStageWindow   - Closing main window
22:46:29.004 [JavaFX Application Thread] DEBUG Logger               - Closing Logger
